<?xml version="1.0" encoding="UTF-8"?>
<coverage generated="1484566081156" clover="3.2.0">
  <project timestamp="1484566081156" name="All files">
    <metrics statements="495" coveredstatements="369" conditionals="303" coveredconditionals="169" methods="96" coveredmethods="67" elements="894" coveredelements="605" complexity="0" loc="495" ncloc="495" packages="27" files="27" classes="27">
      <package name="client.scripts.components.UI">
        <metrics statements="0" coveredstatements="0" conditionals="0" coveredconditionals="0" methods="0" coveredmethods="0"/>
        <file name="index.js" path="/home/spirade/WebstormProjects/wfm-reborn/client/scripts/components/UI/index.js">
          <metrics statements="0" coveredstatements="0" conditionals="0" coveredconditionals="0" methods="0" coveredmethods="0"/>
        </file>
      </package>
      <package name="client.scripts.components.UI.Button">
        <metrics statements="13" coveredstatements="13" conditionals="24" coveredconditionals="23" methods="2" coveredmethods="2"/>
        <file name="Button.jsx" path="/home/spirade/WebstormProjects/wfm-reborn/client/scripts/components/UI/Button/Button.jsx">
          <metrics statements="13" coveredstatements="13" conditionals="24" coveredconditionals="23" methods="2" coveredmethods="2"/>
          <line num="10" count="4" type="stmt"/>
          <line num="12" count="4" type="stmt"/>
          <line num="25" count="15" type="stmt"/>
          <line num="32" count="15" type="stmt"/>
          <line num="34" count="15" type="stmt"/>
          <line num="35" count="2" type="stmt"/>
          <line num="43" count="13" type="stmt"/>
          <line num="44" count="2" type="stmt"/>
          <line num="51" count="11" type="stmt"/>
          <line num="68" count="13" type="stmt"/>
          <line num="81" count="4" type="stmt"/>
          <line num="83" count="4" type="stmt"/>
          <line num="97" count="4" type="stmt"/>
        </file>
      </package>
      <package name="client.scripts.components.UI.CheckGroup">
        <metrics statements="34" coveredstatements="34" conditionals="16" coveredconditionals="12" methods="7" coveredmethods="7"/>
        <file name="CheckGroup.jsx" path="/home/spirade/WebstormProjects/wfm-reborn/client/scripts/components/UI/CheckGroup/CheckGroup.jsx">
          <metrics statements="34" coveredstatements="34" conditionals="16" coveredconditionals="12" methods="7" coveredmethods="7"/>
          <line num="6" count="4" type="stmt"/>
          <line num="10" count="5" type="stmt"/>
          <line num="12" count="5" type="stmt"/>
          <line num="16" count="5" type="stmt"/>
          <line num="20" count="5" type="stmt"/>
          <line num="22" count="5" type="stmt"/>
          <line num="23" count="11" type="stmt"/>
          <line num="24" count="11" type="stmt"/>
          <line num="26" count="11" type="stmt"/>
          <line num="27" count="11" type="stmt"/>
          <line num="29" count="11" type="stmt"/>
          <line num="30" count="2" type="stmt"/>
          <line num="33" count="11" type="stmt"/>
          <line num="38" count="3" type="stmt"/>
          <line num="40" count="3" type="stmt"/>
          <line num="41" count="2" type="stmt"/>
          <line num="42" count="2" type="stmt"/>
          <line num="44" count="1" type="stmt"/>
          <line num="46" count="1" type="stmt"/>
          <line num="49" count="3" type="stmt"/>
          <line num="51" count="3" type="stmt"/>
          <line num="55" count="8" type="stmt"/>
          <line num="56" count="8" type="stmt"/>
          <line num="58" count="8" type="stmt"/>
          <line num="59" count="17" type="stmt"/>
          <line num="61" count="17" type="stmt"/>
          <line num="63" count="17" type="stmt"/>
          <line num="73" count="8" type="stmt"/>
          <line num="75" count="8" type="stmt"/>
          <line num="79" count="8" type="stmt"/>
          <line num="81" count="8" type="stmt"/>
          <line num="89" count="4" type="stmt"/>
          <line num="91" count="4" type="stmt"/>
          <line num="98" count="4" type="stmt"/>
        </file>
      </package>
      <package name="client.scripts.components.UI.Checkbox">
        <metrics statements="17" coveredstatements="16" conditionals="10" coveredconditionals="8" methods="3" coveredmethods="3"/>
        <file name="Checkbox.jsx" path="/home/spirade/WebstormProjects/wfm-reborn/client/scripts/components/UI/Checkbox/Checkbox.jsx">
          <metrics statements="17" coveredstatements="16" conditionals="10" coveredconditionals="8" methods="3" coveredmethods="3"/>
          <line num="6" count="5" type="stmt"/>
          <line num="10" count="6" type="stmt"/>
          <line num="12" count="6" type="stmt"/>
          <line num="16" count="5" type="stmt"/>
          <line num="18" count="5" type="stmt"/>
          <line num="19" count="5" type="stmt"/>
          <line num="33" count="12" type="stmt"/>
          <line num="35" count="12" type="stmt"/>
          <line num="37" count="12" type="stmt"/>
          <line num="38" count="12" type="stmt"/>
          <line num="40" count="0" type="stmt"/>
          <line num="43" count="12" type="stmt"/>
          <line num="45" count="12" type="stmt"/>
          <line num="50" count="12" type="stmt"/>
          <line num="71" count="5" type="stmt"/>
          <line num="73" count="5" type="stmt"/>
          <line num="85" count="5" type="stmt"/>
        </file>
      </package>
      <package name="client.scripts.components.UI.Field">
        <metrics statements="10" coveredstatements="10" conditionals="4" coveredconditionals="2" methods="1" coveredmethods="1"/>
        <file name="Field.jsx" path="/home/spirade/WebstormProjects/wfm-reborn/client/scripts/components/UI/Field/Field.jsx">
          <metrics statements="10" coveredstatements="10" conditionals="4" coveredconditionals="2" methods="1" coveredmethods="1"/>
          <line num="14" count="3" type="stmt"/>
          <line num="16" count="3" type="stmt"/>
          <line num="29" count="12" type="stmt"/>
          <line num="31" count="12" type="stmt"/>
          <line num="35" count="12" type="stmt"/>
          <line num="39" count="12" type="stmt"/>
          <line num="48" count="12" type="stmt"/>
          <line num="62" count="3" type="stmt"/>
          <line num="64" count="3" type="stmt"/>
          <line num="80" count="3" type="stmt"/>
        </file>
      </package>
      <package name="client.scripts.components.UI.Heading">
        <metrics statements="6" coveredstatements="6" conditionals="0" coveredconditionals="0" methods="1" coveredmethods="1"/>
        <file name="Heading.jsx" path="/home/spirade/WebstormProjects/wfm-reborn/client/scripts/components/UI/Heading/Heading.jsx">
          <metrics statements="6" coveredstatements="6" conditionals="0" coveredconditionals="0" methods="1" coveredmethods="1"/>
          <line num="6" count="4" type="stmt"/>
          <line num="7" count="2" type="stmt"/>
          <line num="9" count="2" type="stmt"/>
          <line num="12" count="4" type="stmt"/>
          <line num="14" count="4" type="stmt"/>
          <line num="20" count="4" type="stmt"/>
        </file>
      </package>
      <package name="client.scripts.components.UI.Hint">
        <metrics statements="18" coveredstatements="4" conditionals="0" coveredconditionals="0" methods="5" coveredmethods="0"/>
        <file name="Hint.jsx" path="/home/spirade/WebstormProjects/wfm-reborn/client/scripts/components/UI/Hint/Hint.jsx">
          <metrics statements="18" coveredstatements="4" conditionals="0" coveredconditionals="0" methods="5" coveredmethods="0"/>
          <line num="7" count="4" type="stmt"/>
          <line num="11" count="0" type="stmt"/>
          <line num="13" count="0" type="stmt"/>
          <line num="17" count="0" type="stmt"/>
          <line num="18" count="0" type="stmt"/>
          <line num="22" count="0" type="stmt"/>
          <line num="28" count="0" type="stmt"/>
          <line num="30" count="0" type="stmt"/>
          <line num="34" count="0" type="stmt"/>
          <line num="36" count="0" type="stmt"/>
          <line num="40" count="0" type="stmt"/>
          <line num="41" count="0" type="stmt"/>
          <line num="43" count="0" type="stmt"/>
          <line num="44" count="0" type="stmt"/>
          <line num="48" count="0" type="stmt"/>
          <line num="62" count="4" type="stmt"/>
          <line num="64" count="4" type="stmt"/>
          <line num="69" count="4" type="stmt"/>
        </file>
      </package>
      <package name="client.scripts.components.UI.Icon">
        <metrics statements="8" coveredstatements="8" conditionals="8" coveredconditionals="3" methods="1" coveredmethods="1"/>
        <file name="Icon.jsx" path="/home/spirade/WebstormProjects/wfm-reborn/client/scripts/components/UI/Icon/Icon.jsx">
          <metrics statements="8" coveredstatements="8" conditionals="8" coveredconditionals="3" methods="1" coveredmethods="1"/>
          <line num="6" count="11" type="stmt"/>
          <line num="8" count="11" type="stmt"/>
          <line num="22" count="8" type="stmt"/>
          <line num="24" count="8" type="stmt"/>
          <line num="33" count="8" type="stmt"/>
          <line num="48" count="11" type="stmt"/>
          <line num="50" count="11" type="stmt"/>
          <line num="74" count="11" type="stmt"/>
        </file>
      </package>
      <package name="client.scripts.components.UI.Input.InputCurrency">
        <metrics statements="8" coveredstatements="8" conditionals="10" coveredconditionals="9" methods="1" coveredmethods="1"/>
        <file name="InputCurrency.jsx" path="/home/spirade/WebstormProjects/wfm-reborn/client/scripts/components/UI/Input/InputCurrency/InputCurrency.jsx">
          <metrics statements="8" coveredstatements="8" conditionals="10" coveredconditionals="9" methods="1" coveredmethods="1"/>
          <line num="8" count="4" type="stmt"/>
          <line num="10" count="4" type="stmt"/>
          <line num="16" count="11" type="stmt"/>
          <line num="18" count="11" type="stmt"/>
          <line num="22" count="11" type="stmt"/>
          <line num="44" count="4" type="stmt"/>
          <line num="46" count="4" type="stmt"/>
          <line num="52" count="4" type="stmt"/>
        </file>
      </package>
      <package name="client.scripts.components.UI.Input.InputNumber">
        <metrics statements="90" coveredstatements="79" conditionals="61" coveredconditionals="46" methods="16" coveredmethods="16"/>
        <file name="InputNumber.jsx" path="/home/spirade/WebstormProjects/wfm-reborn/client/scripts/components/UI/Input/InputNumber/InputNumber.jsx">
          <metrics statements="90" coveredstatements="79" conditionals="61" coveredconditionals="46" methods="16" coveredmethods="16"/>
          <line num="9" count="27" type="stmt"/>
          <line num="14" count="20" type="stmt"/>
          <line num="16" count="20" type="stmt"/>
          <line num="20" count="20" type="stmt"/>
          <line num="24" count="1" type="stmt"/>
          <line num="30" count="76" type="stmt"/>
          <line num="31" count="76" type="stmt"/>
          <line num="32" count="23" type="stmt"/>
          <line num="35" count="76" type="stmt"/>
          <line num="36" count="29" type="stmt"/>
          <line num="39" count="76" type="stmt"/>
          <line num="40" count="0" type="stmt"/>
          <line num="43" count="76" type="stmt"/>
          <line num="50" count="69" type="stmt"/>
          <line num="51" count="69" type="stmt"/>
          <line num="55" count="15" type="stmt"/>
          <line num="57" count="15" type="stmt"/>
          <line num="59" count="15" type="stmt"/>
          <line num="60" count="0" type="stmt"/>
          <line num="62" count="0" type="stmt"/>
          <line num="64" count="0" type="stmt"/>
          <line num="68" count="15" type="stmt"/>
          <line num="69" count="0" type="stmt"/>
          <line num="71" count="0" type="stmt"/>
          <line num="74" count="15" type="stmt"/>
          <line num="78" count="15" type="stmt"/>
          <line num="80" count="15" type="stmt"/>
          <line num="81" count="15" type="stmt"/>
          <line num="82" count="0" type="stmt"/>
          <line num="83" count="0" type="stmt"/>
          <line num="84" count="0" type="stmt"/>
          <line num="86" count="0" type="stmt"/>
          <line num="89" count="15" type="stmt"/>
          <line num="90" count="15" type="stmt"/>
          <line num="91" count="15" type="stmt"/>
          <line num="93" count="15" type="stmt"/>
          <line num="97" count="0" type="stmt"/>
          <line num="101" count="36" type="stmt"/>
          <line num="102" count="36" type="stmt"/>
          <line num="104" count="36" type="stmt"/>
          <line num="106" count="18" type="stmt"/>
          <line num="110" count="18" type="stmt"/>
          <line num="112" count="18" type="stmt"/>
          <line num="119" count="36" type="stmt"/>
          <line num="120" count="36" type="stmt"/>
          <line num="122" count="36" type="stmt"/>
          <line num="123" count="18" type="stmt"/>
          <line num="126" count="18" type="stmt"/>
          <line num="128" count="18" type="stmt"/>
          <line num="129" count="11" type="stmt"/>
          <line num="131" count="11" type="stmt"/>
          <line num="135" count="7" type="stmt"/>
          <line num="138" count="18" type="stmt"/>
          <line num="142" count="7" type="stmt"/>
          <line num="144" count="7" type="stmt"/>
          <line num="146" count="7" type="stmt"/>
          <line num="147" count="7" type="stmt"/>
          <line num="149" count="7" type="stmt"/>
          <line num="151" count="7" type="stmt"/>
          <line num="152" count="2" type="stmt"/>
          <line num="153" count="2" type="stmt"/>
          <line num="154" count="2" type="stmt"/>
          <line num="157" count="7" type="stmt"/>
          <line num="158" count="6" type="stmt"/>
          <line num="161" count="7" type="stmt"/>
          <line num="163" count="7" type="stmt"/>
          <line num="167" count="5" type="stmt"/>
          <line num="169" count="5" type="stmt"/>
          <line num="170" count="5" type="stmt"/>
          <line num="172" count="5" type="stmt"/>
          <line num="173" count="25" type="stmt"/>
          <line num="174" count="25" type="stmt"/>
          <line num="175" count="25" type="stmt"/>
          <line num="179" count="5" type="stmt"/>
          <line num="181" count="5" type="stmt"/>
          <line num="186" count="15" type="stmt"/>
          <line num="188" count="15" type="stmt"/>
          <line num="190" count="15" type="stmt"/>
          <line num="191" count="15" type="stmt"/>
          <line num="193" count="15" type="stmt"/>
          <line num="194" count="15" type="stmt"/>
          <line num="195" count="15" type="stmt"/>
          <line num="197" count="15" type="stmt"/>
          <line num="200" count="15" type="stmt"/>
          <line num="215" count="36" type="stmt"/>
          <line num="217" count="52" type="stmt"/>
          <line num="219" count="36" type="stmt"/>
          <line num="233" count="5" type="stmt"/>
          <line num="235" count="5" type="stmt"/>
          <line num="250" count="5" type="stmt"/>
        </file>
      </package>
      <package name="client.scripts.components.UI.Input.InputNumber.utils">
        <metrics statements="43" coveredstatements="23" conditionals="30" coveredconditionals="14" methods="7" coveredmethods="2"/>
        <file name="patterns.js" path="/home/spirade/WebstormProjects/wfm-reborn/client/scripts/components/UI/Input/InputNumber/utils/patterns.js">
          <metrics statements="43" coveredstatements="23" conditionals="30" coveredconditionals="14" methods="7" coveredmethods="2"/>
          <line num="1" count="5" type="stmt"/>
          <line num="3" count="5" type="stmt"/>
          <line num="5" count="5" type="stmt"/>
          <line num="6" count="5" type="stmt"/>
          <line num="8" count="5" type="stmt"/>
          <line num="9" count="5" type="stmt"/>
          <line num="12" count="0" type="stmt"/>
          <line num="16" count="6" type="stmt"/>
          <line num="19" count="5" type="stmt"/>
          <line num="25" count="0" type="stmt"/>
          <line num="42" count="0" type="stmt"/>
          <line num="44" count="0" type="stmt"/>
          <line num="45" count="0" type="stmt"/>
          <line num="46" count="0" type="stmt"/>
          <line num="48" count="0" type="stmt"/>
          <line num="49" count="0" type="stmt"/>
          <line num="50" count="0" type="stmt"/>
          <line num="53" count="0" type="stmt"/>
          <line num="54" count="0" type="stmt"/>
          <line num="55" count="0" type="stmt"/>
          <line num="58" count="0" type="stmt"/>
          <line num="59" count="0" type="stmt"/>
          <line num="60" count="0" type="stmt"/>
          <line num="62" count="0" type="stmt"/>
          <line num="64" count="0" type="stmt"/>
          <line num="65" count="0" type="stmt"/>
          <line num="68" count="0" type="stmt"/>
          <line num="71" count="6" type="stmt"/>
          <line num="75" count="6" type="stmt"/>
          <line num="77" count="6" type="stmt"/>
          <line num="79" count="6" type="stmt"/>
          <line num="80" count="0" type="stmt"/>
          <line num="83" count="6" type="stmt"/>
          <line num="85" count="6" type="stmt"/>
          <line num="86" count="6" type="stmt"/>
          <line num="88" count="6" type="stmt"/>
          <line num="90" count="6" type="stmt"/>
          <line num="91" count="1" type="stmt"/>
          <line num="93" count="1" type="stmt"/>
          <line num="94" count="1" type="stmt"/>
          <line num="97" count="6" type="stmt"/>
          <line num="99" count="6" type="stmt"/>
          <line num="101" count="6" type="stmt"/>
        </file>
      </package>
      <package name="client.scripts.components.UI.Input.InputSSN">
        <metrics statements="64" coveredstatements="4" conditionals="48" coveredconditionals="0" methods="12" coveredmethods="0"/>
        <file name="InputSSN.jsx" path="/home/spirade/WebstormProjects/wfm-reborn/client/scripts/components/UI/Input/InputSSN/InputSSN.jsx">
          <metrics statements="64" coveredstatements="4" conditionals="48" coveredconditionals="0" methods="12" coveredmethods="0"/>
          <line num="8" count="3" type="stmt"/>
          <line num="11" count="0" type="stmt"/>
          <line num="15" count="0" type="stmt"/>
          <line num="20" count="0" type="stmt"/>
          <line num="22" count="0" type="stmt"/>
          <line num="26" count="0" type="stmt"/>
          <line num="30" count="0" type="stmt"/>
          <line num="36" count="0" type="stmt"/>
          <line num="37" count="0" type="stmt"/>
          <line num="41" count="0" type="stmt"/>
          <line num="43" count="0" type="stmt"/>
          <line num="47" count="0" type="stmt"/>
          <line num="49" count="0" type="stmt"/>
          <line num="51" count="0" type="stmt"/>
          <line num="52" count="0" type="stmt"/>
          <line num="55" count="0" type="stmt"/>
          <line num="57" count="0" type="stmt"/>
          <line num="58" count="0" type="stmt"/>
          <line num="60" count="0" type="stmt"/>
          <line num="62" count="0" type="stmt"/>
          <line num="63" count="0" type="stmt"/>
          <line num="65" count="0" type="stmt"/>
          <line num="66" count="0" type="stmt"/>
          <line num="69" count="0" type="stmt"/>
          <line num="71" count="0" type="stmt"/>
          <line num="73" count="0" type="stmt"/>
          <line num="80" count="0" type="stmt"/>
          <line num="82" count="0" type="stmt"/>
          <line num="84" count="0" type="stmt"/>
          <line num="85" count="0" type="stmt"/>
          <line num="87" count="0" type="stmt"/>
          <line num="89" count="0" type="stmt"/>
          <line num="93" count="0" type="stmt"/>
          <line num="94" count="0" type="stmt"/>
          <line num="96" count="0" type="stmt"/>
          <line num="99" count="0" type="stmt"/>
          <line num="103" count="0" type="stmt"/>
          <line num="105" count="0" type="stmt"/>
          <line num="106" count="0" type="stmt"/>
          <line num="107" count="0" type="stmt"/>
          <line num="108" count="0" type="stmt"/>
          <line num="109" count="0" type="stmt"/>
          <line num="111" count="0" type="stmt"/>
          <line num="114" count="0" type="stmt"/>
          <line num="115" count="0" type="stmt"/>
          <line num="116" count="0" type="stmt"/>
          <line num="118" count="0" type="stmt"/>
          <line num="124" count="0" type="stmt"/>
          <line num="126" count="0" type="stmt"/>
          <line num="128" count="0" type="stmt"/>
          <line num="129" count="0" type="stmt"/>
          <line num="131" count="0" type="stmt"/>
          <line num="132" count="0" type="stmt"/>
          <line num="133" count="0" type="stmt"/>
          <line num="135" count="0" type="stmt"/>
          <line num="138" count="0" type="stmt"/>
          <line num="142" count="0" type="stmt"/>
          <line num="143" count="0" type="stmt"/>
          <line num="145" count="0" type="stmt"/>
          <line num="149" count="0" type="stmt"/>
          <line num="153" count="0" type="stmt"/>
          <line num="172" count="3" type="stmt"/>
          <line num="174" count="3" type="stmt"/>
          <line num="190" count="3" type="stmt"/>
        </file>
      </package>
      <package name="client.scripts.components.UI.Input.InputText">
        <metrics statements="12" coveredstatements="12" conditionals="14" coveredconditionals="13" methods="2" coveredmethods="1"/>
        <file name="InputText.jsx" path="/home/spirade/WebstormProjects/wfm-reborn/client/scripts/components/UI/Input/InputText/InputText.jsx">
          <metrics statements="12" coveredstatements="12" conditionals="14" coveredconditionals="13" methods="2" coveredmethods="1"/>
          <line num="10" count="6" type="stmt"/>
          <line num="12" count="6" type="stmt"/>
          <line num="27" count="46" type="stmt"/>
          <line num="29" count="46" type="stmt"/>
          <line num="34" count="46" type="stmt"/>
          <line num="37" count="46" type="stmt"/>
          <line num="40" count="46" type="stmt"/>
          <line num="42" count="46" type="stmt"/>
          <line num="44" count="46" type="stmt"/>
          <line num="66" count="6" type="stmt"/>
          <line num="68" count="6" type="stmt"/>
          <line num="90" count="6" type="stmt"/>
        </file>
      </package>
      <package name="client.scripts.components.UI.Label">
        <metrics statements="7" coveredstatements="7" conditionals="0" coveredconditionals="0" methods="1" coveredmethods="1"/>
        <file name="Label.jsx" path="/home/spirade/WebstormProjects/wfm-reborn/client/scripts/components/UI/Label/Label.jsx">
          <metrics statements="7" coveredstatements="7" conditionals="0" coveredconditionals="0" methods="1" coveredmethods="1"/>
          <line num="6" count="4" type="stmt"/>
          <line num="8" count="4" type="stmt"/>
          <line num="9" count="8" type="stmt"/>
          <line num="11" count="8" type="stmt"/>
          <line num="18" count="4" type="stmt"/>
          <line num="20" count="4" type="stmt"/>
          <line num="27" count="4" type="stmt"/>
        </file>
      </package>
      <package name="client.scripts.components.UI.Modal">
        <metrics statements="6" coveredstatements="6" conditionals="6" coveredconditionals="4" methods="1" coveredmethods="1"/>
        <file name="Modal.jsx" path="/home/spirade/WebstormProjects/wfm-reborn/client/scripts/components/UI/Modal/Modal.jsx">
          <metrics statements="6" coveredstatements="6" conditionals="6" coveredconditionals="4" methods="1" coveredmethods="1"/>
          <line num="8" count="4" type="stmt"/>
          <line num="18" count="3" type="stmt"/>
          <line num="42" count="4" type="stmt"/>
          <line num="44" count="4" type="stmt"/>
          <line num="55" count="4" type="stmt"/>
          <line num="66" count="4" type="stmt"/>
        </file>
      </package>
      <package name="client.scripts.components.UI.Notification">
        <metrics statements="7" coveredstatements="7" conditionals="5" coveredconditionals="2" methods="1" coveredmethods="1"/>
        <file name="Notification.jsx" path="/home/spirade/WebstormProjects/wfm-reborn/client/scripts/components/UI/Notification/Notification.jsx">
          <metrics statements="7" coveredstatements="7" conditionals="5" coveredconditionals="2" methods="1" coveredmethods="1"/>
          <line num="8" count="4" type="stmt"/>
          <line num="10" count="4" type="stmt"/>
          <line num="11" count="8" type="stmt"/>
          <line num="17" count="8" type="stmt"/>
          <line num="25" count="4" type="stmt"/>
          <line num="27" count="4" type="stmt"/>
          <line num="35" count="4" type="stmt"/>
        </file>
      </package>
      <package name="client.scripts.components.UI.Radio">
        <metrics statements="18" coveredstatements="12" conditionals="12" coveredconditionals="4" methods="3" coveredmethods="2"/>
        <file name="Radio.jsx" path="/home/spirade/WebstormProjects/wfm-reborn/client/scripts/components/UI/Radio/Radio.jsx">
          <metrics statements="18" coveredstatements="12" conditionals="12" coveredconditionals="4" methods="3" coveredmethods="2"/>
          <line num="6" count="5" type="stmt"/>
          <line num="10" count="1" type="stmt"/>
          <line num="12" count="1" type="stmt"/>
          <line num="16" count="0" type="stmt"/>
          <line num="18" count="0" type="stmt"/>
          <line num="19" count="0" type="stmt"/>
          <line num="24" count="1" type="stmt"/>
          <line num="25" count="1" type="stmt"/>
          <line num="27" count="1" type="stmt"/>
          <line num="28" count="1" type="stmt"/>
          <line num="29" count="0" type="stmt"/>
          <line num="30" count="0" type="stmt"/>
          <line num="32" count="0" type="stmt"/>
          <line num="35" count="1" type="stmt"/>
          <line num="37" count="1" type="stmt"/>
          <line num="53" count="5" type="stmt"/>
          <line num="55" count="5" type="stmt"/>
          <line num="66" count="5" type="stmt"/>
        </file>
      </package>
      <package name="client.scripts.components.UI.RadioGroup">
        <metrics statements="21" coveredstatements="17" conditionals="7" coveredconditionals="3" methods="5" coveredmethods="4"/>
        <file name="RadioGroup.jsx" path="/home/spirade/WebstormProjects/wfm-reborn/client/scripts/components/UI/RadioGroup/RadioGroup.jsx">
          <metrics statements="21" coveredstatements="17" conditionals="7" coveredconditionals="3" methods="5" coveredmethods="4"/>
          <line num="6" count="4" type="stmt"/>
          <line num="10" count="1" type="stmt"/>
          <line num="12" count="1" type="stmt"/>
          <line num="16" count="1" type="stmt"/>
          <line num="20" count="0" type="stmt"/>
          <line num="22" count="0" type="stmt"/>
          <line num="23" count="0" type="stmt"/>
          <line num="24" count="0" type="stmt"/>
          <line num="29" count="1" type="stmt"/>
          <line num="30" count="1" type="stmt"/>
          <line num="32" count="1" type="stmt"/>
          <line num="33" count="2" type="stmt"/>
          <line num="35" count="2" type="stmt"/>
          <line num="37" count="2" type="stmt"/>
          <line num="47" count="1" type="stmt"/>
          <line num="49" count="1" type="stmt"/>
          <line num="53" count="1" type="stmt"/>
          <line num="55" count="1" type="stmt"/>
          <line num="63" count="4" type="stmt"/>
          <line num="65" count="4" type="stmt"/>
          <line num="72" count="4" type="stmt"/>
        </file>
      </package>
      <package name="client.scripts.components.UI.Select">
        <metrics statements="34" coveredstatements="33" conditionals="12" coveredconditionals="10" methods="10" coveredmethods="9"/>
        <file name="Select.jsx" path="/home/spirade/WebstormProjects/wfm-reborn/client/scripts/components/UI/Select/Select.jsx">
          <metrics statements="34" coveredstatements="33" conditionals="12" coveredconditionals="10" methods="10" coveredmethods="9"/>
          <line num="12" count="3" type="stmt"/>
          <line num="16" count="8" type="stmt"/>
          <line num="18" count="8" type="stmt"/>
          <line num="23" count="8" type="stmt"/>
          <line num="24" count="8" type="stmt"/>
          <line num="28" count="0" type="stmt"/>
          <line num="34" count="1" type="stmt"/>
          <line num="36" count="1" type="stmt"/>
          <line num="40" count="4" type="stmt"/>
          <line num="42" count="4" type="stmt"/>
          <line num="44" count="4" type="stmt"/>
          <line num="50" count="12" type="stmt"/>
          <line num="52" count="12" type="stmt"/>
          <line num="54" count="3" type="stmt"/>
          <line num="56" count="3" type="stmt"/>
          <line num="66" count="3" type="stmt"/>
          <line num="67" count="3" type="stmt"/>
          <line num="69" count="3" type="stmt"/>
          <line num="70" count="15" type="stmt"/>
          <line num="72" count="15" type="stmt"/>
          <line num="74" count="15" type="stmt"/>
          <line num="86" count="12" type="stmt"/>
          <line num="87" count="12" type="stmt"/>
          <line num="89" count="12" type="stmt"/>
          <line num="90" count="2" type="stmt"/>
          <line num="93" count="12" type="stmt"/>
          <line num="94" count="12" type="stmt"/>
          <line num="96" count="12" type="stmt"/>
          <line num="100" count="12" type="stmt"/>
          <line num="104" count="12" type="stmt"/>
          <line num="106" count="12" type="stmt"/>
          <line num="127" count="3" type="stmt"/>
          <line num="129" count="3" type="stmt"/>
          <line num="148" count="3" type="stmt"/>
        </file>
      </package>
      <package name="client.scripts.components.UI.Select.Option">
        <metrics statements="13" coveredstatements="13" conditionals="2" coveredconditionals="2" methods="3" coveredmethods="3"/>
        <file name="Option.jsx" path="/home/spirade/WebstormProjects/wfm-reborn/client/scripts/components/UI/Select/Option/Option.jsx">
          <metrics statements="13" coveredstatements="13" conditionals="2" coveredconditionals="2" methods="3" coveredmethods="3"/>
          <line num="8" count="3" type="stmt"/>
          <line num="12" count="9" type="stmt"/>
          <line num="14" count="9" type="stmt"/>
          <line num="18" count="2" type="stmt"/>
          <line num="20" count="2" type="stmt"/>
          <line num="22" count="2" type="stmt"/>
          <line num="26" count="9" type="stmt"/>
          <line num="28" count="9" type="stmt"/>
          <line num="32" count="9" type="stmt"/>
          <line num="34" count="9" type="stmt"/>
          <line num="46" count="3" type="stmt"/>
          <line num="48" count="3" type="stmt"/>
          <line num="57" count="3" type="stmt"/>
        </file>
      </package>
      <package name="client.scripts.components.UI.Spinner">
        <metrics statements="9" coveredstatements="9" conditionals="0" coveredconditionals="0" methods="1" coveredmethods="1"/>
        <file name="Spinner.jsx" path="/home/spirade/WebstormProjects/wfm-reborn/client/scripts/components/UI/Spinner/Spinner.jsx">
          <metrics statements="9" coveredstatements="9" conditionals="0" coveredconditionals="0" methods="1" coveredmethods="1"/>
          <line num="10" count="5" type="stmt"/>
          <line num="12" count="5" type="stmt"/>
          <line num="13" count="1" type="stmt"/>
          <line num="20" count="1" type="stmt"/>
          <line num="21" count="1" type="stmt"/>
          <line num="25" count="1" type="stmt"/>
          <line num="34" count="5" type="stmt"/>
          <line num="36" count="5" type="stmt"/>
          <line num="46" count="5" type="stmt"/>
        </file>
      </package>
      <package name="client.scripts.components.UI.SubHeading">
        <metrics statements="6" coveredstatements="6" conditionals="0" coveredconditionals="0" methods="1" coveredmethods="1"/>
        <file name="SubHeading.jsx" path="/home/spirade/WebstormProjects/wfm-reborn/client/scripts/components/UI/SubHeading/SubHeading.jsx">
          <metrics statements="6" coveredstatements="6" conditionals="0" coveredconditionals="0" methods="1" coveredmethods="1"/>
          <line num="6" count="4" type="stmt"/>
          <line num="7" count="1" type="stmt"/>
          <line num="9" count="1" type="stmt"/>
          <line num="12" count="4" type="stmt"/>
          <line num="14" count="4" type="stmt"/>
          <line num="20" count="4" type="stmt"/>
        </file>
      </package>
      <package name="client.scripts.components.UI.TextLink">
        <metrics statements="7" coveredstatements="7" conditionals="4" coveredconditionals="3" methods="1" coveredmethods="1"/>
        <file name="TextLink.jsx" path="/home/spirade/WebstormProjects/wfm-reborn/client/scripts/components/UI/TextLink/TextLink.jsx">
          <metrics statements="7" coveredstatements="7" conditionals="4" coveredconditionals="3" methods="1" coveredmethods="1"/>
          <line num="7" count="4" type="stmt"/>
          <line num="9" count="4" type="stmt"/>
          <line num="10" count="1" type="stmt"/>
          <line num="14" count="1" type="stmt"/>
          <line num="26" count="4" type="stmt"/>
          <line num="28" count="4" type="stmt"/>
          <line num="37" count="4" type="stmt"/>
        </file>
      </package>
      <package name="client.scripts.components.UI.ToggleButton">
        <metrics statements="21" coveredstatements="18" conditionals="6" coveredconditionals="3" methods="5" coveredmethods="4"/>
        <file name="ToggleButton.jsx" path="/home/spirade/WebstormProjects/wfm-reborn/client/scripts/components/UI/ToggleButton/ToggleButton.jsx">
          <metrics statements="21" coveredstatements="18" conditionals="6" coveredconditionals="3" methods="5" coveredmethods="4"/>
          <line num="6" count="4" type="stmt"/>
          <line num="10" count="1" type="stmt"/>
          <line num="12" count="1" type="stmt"/>
          <line num="18" count="0" type="stmt"/>
          <line num="20" count="0" type="stmt"/>
          <line num="24" count="0" type="stmt"/>
          <line num="32" count="1" type="stmt"/>
          <line num="33" count="1" type="stmt"/>
          <line num="35" count="1" type="stmt"/>
          <line num="36" count="3" type="stmt"/>
          <line num="38" count="3" type="stmt"/>
          <line num="40" count="3" type="stmt"/>
          <line num="47" count="3" type="stmt"/>
          <line num="51" count="3" type="stmt"/>
          <line num="66" count="1" type="stmt"/>
          <line num="68" count="1" type="stmt"/>
          <line num="70" count="1" type="stmt"/>
          <line num="72" count="1" type="stmt"/>
          <line num="80" count="4" type="stmt"/>
          <line num="82" count="4" type="stmt"/>
          <line num="99" count="4" type="stmt"/>
        </file>
      </package>
      <package name="client.scripts.components.UI.Tooltip">
        <metrics statements="8" coveredstatements="8" conditionals="6" coveredconditionals="2" methods="1" coveredmethods="1"/>
        <file name="Tooltip.jsx" path="/home/spirade/WebstormProjects/wfm-reborn/client/scripts/components/UI/Tooltip/Tooltip.jsx">
          <metrics statements="8" coveredstatements="8" conditionals="6" coveredconditionals="2" methods="1" coveredmethods="1"/>
          <line num="7" count="4" type="stmt"/>
          <line num="9" count="4" type="stmt"/>
          <line num="20" count="1" type="stmt"/>
          <line num="22" count="1" type="stmt"/>
          <line num="30" count="1" type="stmt"/>
          <line num="49" count="4" type="stmt"/>
          <line num="51" count="4" type="stmt"/>
          <line num="62" count="4" type="stmt"/>
        </file>
      </package>
      <package name="client.scripts.utils">
        <metrics statements="9" coveredstatements="5" conditionals="16" coveredconditionals="6" methods="4" coveredmethods="3"/>
        <file name="match.js" path="/home/spirade/WebstormProjects/wfm-reborn/client/scripts/utils/match.js">
          <metrics statements="9" coveredstatements="5" conditionals="16" coveredconditionals="6" methods="4" coveredmethods="3"/>
          <line num="13" count="1" type="stmt"/>
          <line num="18" count="1" type="stmt"/>
          <line num="36" count="0" type="stmt"/>
          <line num="37" count="0" type="stmt"/>
          <line num="38" count="0" type="stmt"/>
          <line num="41" count="0" type="stmt"/>
          <line num="55" count="12" type="stmt"/>
          <line num="56" count="12" type="stmt"/>
          <line num="58" count="12" type="stmt"/>
        </file>
      </package>
      <package name="test">
        <metrics statements="6" coveredstatements="4" conditionals="2" coveredconditionals="0" methods="1" coveredmethods="0"/>
        <file name="jestsetup.js" path="/home/spirade/WebstormProjects/wfm-reborn/test/jestsetup.js">
          <metrics statements="6" coveredstatements="4" conditionals="2" coveredconditionals="0" methods="1" coveredmethods="0"/>
          <line num="3" count="22" type="stmt"/>
          <line num="4" count="22" type="stmt"/>
          <line num="5" count="22" type="stmt"/>
          <line num="8" count="22" type="stmt"/>
          <line num="9" count="0" type="stmt"/>
          <line num="10" count="0" type="stmt"/>
        </file>
      </package>
    </metrics>
  </project>
</coverage>
