{"/home/spirade/WebstormProjects/wfm-reborn/client/scripts/components/UI/index.js": {"path":"/home/spirade/WebstormProjects/wfm-reborn/client/scripts/components/UI/index.js","statementMap":{},"fnMap":{},"branchMap":{},"s":{},"f":{},"b":{},"_coverageSchema":"332fd63041d2c1bcb487cc26dd0d5f7d97098a6c","hash":"2700948ed2c8085bafd1b6163f09b092d39fbc3d"}
,"/home/spirade/WebstormProjects/wfm-reborn/client/scripts/components/UI/Button/Button.jsx": {"path":"/home/spirade/WebstormProjects/wfm-reborn/client/scripts/components/UI/Button/Button.jsx","statementMap":{"0":{"start":{"line":10,"column":11},"end":{"line":10,"column":34}},"1":{"start":{"line":12,"column":15},"end":{"line":79,"column":1}},"2":{"start":{"line":25,"column":18},"end":{"line":30,"column":4}},"3":{"start":{"line":32,"column":26},"end":{"line":32,"column":30}},"4":{"start":{"line":34,"column":2},"end":{"line":66,"column":3}},"5":{"start":{"line":35,"column":4},"end":{"line":42,"column":6}},"6":{"start":{"line":43,"column":9},"end":{"line":66,"column":3}},"7":{"start":{"line":44,"column":4},"end":{"line":49,"column":6}},"8":{"start":{"line":51,"column":4},"end":{"line":65,"column":6}},"9":{"start":{"line":68,"column":2},"end":{"line":78,"column":4}},"10":{"start":{"line":81,"column":0},"end":{"line":81,"column":30}},"11":{"start":{"line":83,"column":0},"end":{"line":95,"column":2}},"12":{"start":{"line":97,"column":0},"end":{"line":109,"column":2}}},"fnMap":{"0":{"name":"(anonymous_0)","decl":{"start":{"line":12,"column":15},"end":{"line":12,"column":16}},"loc":{"start":{"line":24,"column":6},"end":{"line":79,"column":1}}},"1":{"name":"(anonymous_1)","decl":{"start":{"line":73,"column":41},"end":{"line":73,"column":42}},"loc":{"start":{"line":73,"column":47},"end":{"line":73,"column":49}}}},"branchMap":{"0":{"loc":{"start":{"line":26,"column":14},"end":{"line":26,"column":37}},"type":"binary-expr","locations":[{"start":{"line":26,"column":14},"end":{"line":26,"column":24}},{"start":{"line":26,"column":28},"end":{"line":26,"column":37}}]},"1":{"loc":{"start":{"line":34,"column":2},"end":{"line":66,"column":3}},"type":"if","locations":[{"start":{"line":34,"column":2},"end":{"line":66,"column":3}},{"start":{"line":34,"column":2},"end":{"line":66,"column":3}}]},"2":{"loc":{"start":{"line":36,"column":49},"end":{"line":36,"column":94}},"type":"cond-expr","locations":[{"start":{"line":36,"column":66},"end":{"line":36,"column":73}},{"start":{"line":36,"column":76},"end":{"line":36,"column":94}}]},"3":{"loc":{"start":{"line":36,"column":49},"end":{"line":36,"column":63}},"type":"binary-expr","locations":[{"start":{"line":36,"column":49},"end":{"line":36,"column":52}},{"start":{"line":36,"column":56},"end":{"line":36,"column":63}}]},"4":{"loc":{"start":{"line":43,"column":9},"end":{"line":66,"column":3}},"type":"if","locations":[{"start":{"line":43,"column":9},"end":{"line":66,"column":3}},{"start":{"line":43,"column":9},"end":{"line":66,"column":3}}]},"5":{"loc":{"start":{"line":54,"column":10},"end":{"line":56,"column":16}},"type":"cond-expr","locations":[{"start":{"line":55,"column":12},"end":{"line":55,"column":82}},{"start":{"line":56,"column":12},"end":{"line":56,"column":16}}]},"6":{"loc":{"start":{"line":54,"column":10},"end":{"line":54,"column":38}},"type":"binary-expr","locations":[{"start":{"line":54,"column":10},"end":{"line":54,"column":14}},{"start":{"line":54,"column":18},"end":{"line":54,"column":38}}]},"7":{"loc":{"start":{"line":60,"column":10},"end":{"line":62,"column":16}},"type":"cond-expr","locations":[{"start":{"line":61,"column":12},"end":{"line":61,"column":81}},{"start":{"line":62,"column":12},"end":{"line":62,"column":16}}]},"8":{"loc":{"start":{"line":60,"column":10},"end":{"line":60,"column":39}},"type":"binary-expr","locations":[{"start":{"line":60,"column":10},"end":{"line":60,"column":14}},{"start":{"line":60,"column":18},"end":{"line":60,"column":39}}]},"9":{"loc":{"start":{"line":72,"column":16},"end":{"line":72,"column":39}},"type":"binary-expr","locations":[{"start":{"line":72,"column":16},"end":{"line":72,"column":26}},{"start":{"line":72,"column":30},"end":{"line":72,"column":39}}]},"10":{"loc":{"start":{"line":73,"column":15},"end":{"line":73,"column":59}},"type":"cond-expr","locations":[{"start":{"line":73,"column":41},"end":{"line":73,"column":49}},{"start":{"line":73,"column":52},"end":{"line":73,"column":59}}]},"11":{"loc":{"start":{"line":73,"column":15},"end":{"line":73,"column":38}},"type":"binary-expr","locations":[{"start":{"line":73,"column":15},"end":{"line":73,"column":25}},{"start":{"line":73,"column":29},"end":{"line":73,"column":38}}]}},"s":{"0":4,"1":4,"2":15,"3":15,"4":15,"5":2,"6":13,"7":2,"8":11,"9":13,"10":4,"11":4,"12":4},"f":{"0":15,"1":3},"b":{"0":[15,11],"1":[2,13],"2":[2,0],"3":[2,2],"4":[2,11],"5":[2,9],"6":[11,4],"7":[2,9],"8":[11,4],"9":[13,9],"10":[6,7],"11":[13,9]},"_coverageSchema":"332fd63041d2c1bcb487cc26dd0d5f7d97098a6c","hash":"8be906fc008a1b61cabf0c9fa186723006f1234b"}
,"/home/spirade/WebstormProjects/wfm-reborn/client/scripts/components/UI/CheckGroup/CheckGroup.jsx": {"path":"/home/spirade/WebstormProjects/wfm-reborn/client/scripts/components/UI/CheckGroup/CheckGroup.jsx","statementMap":{"0":{"start":{"line":6,"column":11},"end":{"line":6,"column":34}},"1":{"start":{"line":10,"column":4},"end":{"line":10,"column":17}},"2":{"start":{"line":12,"column":4},"end":{"line":14,"column":6}},"3":{"start":{"line":16,"column":4},"end":{"line":16,"column":63}},"4":{"start":{"line":20,"column":41},"end":{"line":20,"column":51}},"5":{"start":{"line":22,"column":4},"end":{"line":34,"column":11}},"6":{"start":{"line":23,"column":32},"end":{"line":23,"column":42}},"7":{"start":{"line":24,"column":30},"end":{"line":24,"column":39}},"8":{"start":{"line":26,"column":6},"end":{"line":26,"column":91}},"9":{"start":{"line":26,"column":38},"end":{"line":26,"column":91}},"10":{"start":{"line":27,"column":6},"end":{"line":27,"column":80}},"11":{"start":{"line":27,"column":17},"end":{"line":27,"column":80}},"12":{"start":{"line":29,"column":6},"end":{"line":31,"column":7}},"13":{"start":{"line":30,"column":8},"end":{"line":30,"column":24}},"14":{"start":{"line":33,"column":6},"end":{"line":33,"column":18}},"15":{"start":{"line":38,"column":30},"end":{"line":38,"column":40}},"16":{"start":{"line":40,"column":4},"end":{"line":47,"column":5}},"17":{"start":{"line":41,"column":6},"end":{"line":43,"column":7}},"18":{"start":{"line":42,"column":8},"end":{"line":42,"column":34}},"19":{"start":{"line":44,"column":11},"end":{"line":47,"column":5}},"20":{"start":{"line":46,"column":6},"end":{"line":46,"column":60}},"21":{"start":{"line":49,"column":4},"end":{"line":49,"column":37}},"22":{"start":{"line":51,"column":4},"end":{"line":51,"column":39}},"23":{"start":{"line":55,"column":30},"end":{"line":55,"column":40}},"24":{"start":{"line":56,"column":25},"end":{"line":56,"column":35}},"25":{"start":{"line":58,"column":4},"end":{"line":69,"column":7}},"26":{"start":{"line":59,"column":32},"end":{"line":59,"column":43}},"27":{"start":{"line":61,"column":24},"end":{"line":61,"column":63}},"28":{"start":{"line":63,"column":6},"end":{"line":68,"column":9}},"29":{"start":{"line":73,"column":22},"end":{"line":73,"column":32}},"30":{"start":{"line":75,"column":20},"end":{"line":77,"column":6}},"31":{"start":{"line":79,"column":29},"end":{"line":79,"column":50}},"32":{"start":{"line":81,"column":4},"end":{"line":85,"column":6}},"33":{"start":{"line":89,"column":0},"end":{"line":89,"column":38}},"34":{"start":{"line":91,"column":0},"end":{"line":96,"column":2}},"35":{"start":{"line":98,"column":0},"end":{"line":103,"column":2}}},"fnMap":{"0":{"name":"(anonymous_0)","decl":{"start":{"line":9,"column":2},"end":{"line":9,"column":3}},"loc":{"start":{"line":9,"column":21},"end":{"line":17,"column":3}}},"1":{"name":"(anonymous_1)","decl":{"start":{"line":19,"column":2},"end":{"line":19,"column":3}},"loc":{"start":{"line":19,"column":22},"end":{"line":35,"column":3}}},"2":{"name":"(anonymous_2)","decl":{"start":{"line":22,"column":27},"end":{"line":22,"column":28}},"loc":{"start":{"line":22,"column":43},"end":{"line":34,"column":5}}},"3":{"name":"(anonymous_3)","decl":{"start":{"line":37,"column":2},"end":{"line":37,"column":3}},"loc":{"start":{"line":37,"column":36},"end":{"line":52,"column":3}}},"4":{"name":"(anonymous_4)","decl":{"start":{"line":54,"column":2},"end":{"line":54,"column":3}},"loc":{"start":{"line":54,"column":19},"end":{"line":70,"column":3}}},"5":{"name":"(anonymous_5)","decl":{"start":{"line":58,"column":24},"end":{"line":58,"column":25}},"loc":{"start":{"line":58,"column":40},"end":{"line":69,"column":5}}},"6":{"name":"(anonymous_6)","decl":{"start":{"line":72,"column":2},"end":{"line":72,"column":3}},"loc":{"start":{"line":72,"column":11},"end":{"line":86,"column":3}}}},"branchMap":{"0":{"loc":{"start":{"line":26,"column":6},"end":{"line":26,"column":91}},"type":"if","locations":[{"start":{"line":26,"column":6},"end":{"line":26,"column":91}},{"start":{"line":26,"column":6},"end":{"line":26,"column":91}}]},"1":{"loc":{"start":{"line":27,"column":6},"end":{"line":27,"column":80}},"type":"if","locations":[{"start":{"line":27,"column":6},"end":{"line":27,"column":80}},{"start":{"line":27,"column":6},"end":{"line":27,"column":80}}]},"2":{"loc":{"start":{"line":29,"column":6},"end":{"line":31,"column":7}},"type":"if","locations":[{"start":{"line":29,"column":6},"end":{"line":31,"column":7}},{"start":{"line":29,"column":6},"end":{"line":31,"column":7}}]},"3":{"loc":{"start":{"line":29,"column":10},"end":{"line":29,"column":50}},"type":"binary-expr","locations":[{"start":{"line":29,"column":10},"end":{"line":29,"column":17}},{"start":{"line":29,"column":21},"end":{"line":29,"column":50}}]},"4":{"loc":{"start":{"line":40,"column":4},"end":{"line":47,"column":5}},"type":"if","locations":[{"start":{"line":40,"column":4},"end":{"line":47,"column":5}},{"start":{"line":40,"column":4},"end":{"line":47,"column":5}}]},"5":{"loc":{"start":{"line":41,"column":6},"end":{"line":43,"column":7}},"type":"if","locations":[{"start":{"line":41,"column":6},"end":{"line":43,"column":7}},{"start":{"line":41,"column":6},"end":{"line":43,"column":7}}]},"6":{"loc":{"start":{"line":44,"column":11},"end":{"line":47,"column":5}},"type":"if","locations":[{"start":{"line":44,"column":11},"end":{"line":47,"column":5}},{"start":{"line":44,"column":11},"end":{"line":47,"column":5}}]},"7":{"loc":{"start":{"line":61,"column":24},"end":{"line":61,"column":63}},"type":"binary-expr","locations":[{"start":{"line":61,"column":24},"end":{"line":61,"column":31}},{"start":{"line":61,"column":35},"end":{"line":61,"column":63}}]}},"s":{"0":4,"1":5,"2":5,"3":5,"4":5,"5":5,"6":11,"7":11,"8":11,"9":0,"10":11,"11":0,"12":11,"13":2,"14":11,"15":3,"16":3,"17":2,"18":2,"19":1,"20":1,"21":3,"22":3,"23":8,"24":8,"25":8,"26":17,"27":17,"28":17,"29":8,"30":8,"31":8,"32":8,"33":4,"34":4,"35":4},"f":{"0":5,"1":5,"2":11,"3":3,"4":8,"5":17,"6":8},"b":{"0":[0,11],"1":[0,11],"2":[2,9],"3":[11,9],"4":[2,1],"5":[2,0],"6":[1,0],"7":[17,15]},"_coverageSchema":"332fd63041d2c1bcb487cc26dd0d5f7d97098a6c","hash":"5e4a15b2cfdcdc4b44a5d3eebc10fd95ca41b9fa"}
,"/home/spirade/WebstormProjects/wfm-reborn/client/scripts/components/UI/Checkbox/Checkbox.jsx": {"path":"/home/spirade/WebstormProjects/wfm-reborn/client/scripts/components/UI/Checkbox/Checkbox.jsx","statementMap":{"0":{"start":{"line":6,"column":11},"end":{"line":6,"column":34}},"1":{"start":{"line":10,"column":4},"end":{"line":10,"column":17}},"2":{"start":{"line":12,"column":4},"end":{"line":12,"column":53}},"3":{"start":{"line":16,"column":31},"end":{"line":16,"column":41}},"4":{"start":{"line":18,"column":4},"end":{"line":20,"column":5}},"5":{"start":{"line":19,"column":6},"end":{"line":19,"column":43}},"6":{"start":{"line":33,"column":8},"end":{"line":33,"column":18}},"7":{"start":{"line":35,"column":18},"end":{"line":35,"column":20}},"8":{"start":{"line":37,"column":4},"end":{"line":41,"column":5}},"9":{"start":{"line":38,"column":6},"end":{"line":38,"column":30}},"10":{"start":{"line":40,"column":6},"end":{"line":40,"column":44}},"11":{"start":{"line":43,"column":28},"end":{"line":43,"column":58}},"12":{"start":{"line":45,"column":29},"end":{"line":48,"column":6}},"13":{"start":{"line":50,"column":4},"end":{"line":67,"column":6}},"14":{"start":{"line":71,"column":0},"end":{"line":71,"column":34}},"15":{"start":{"line":73,"column":0},"end":{"line":83,"column":2}},"16":{"start":{"line":85,"column":0},"end":{"line":94,"column":2}}},"fnMap":{"0":{"name":"(anonymous_0)","decl":{"start":{"line":9,"column":2},"end":{"line":9,"column":3}},"loc":{"start":{"line":9,"column":21},"end":{"line":13,"column":3}}},"1":{"name":"(anonymous_1)","decl":{"start":{"line":15,"column":2},"end":{"line":15,"column":3}},"loc":{"start":{"line":15,"column":22},"end":{"line":21,"column":3}}},"2":{"name":"(anonymous_2)","decl":{"start":{"line":23,"column":2},"end":{"line":23,"column":3}},"loc":{"start":{"line":23,"column":11},"end":{"line":68,"column":3}}}},"branchMap":{"0":{"loc":{"start":{"line":18,"column":4},"end":{"line":20,"column":5}},"type":"if","locations":[{"start":{"line":18,"column":4},"end":{"line":20,"column":5}},{"start":{"line":18,"column":4},"end":{"line":20,"column":5}}]},"1":{"loc":{"start":{"line":37,"column":4},"end":{"line":41,"column":5}},"type":"if","locations":[{"start":{"line":37,"column":4},"end":{"line":41,"column":5}},{"start":{"line":37,"column":4},"end":{"line":41,"column":5}}]},"2":{"loc":{"start":{"line":46,"column":22},"end":{"line":46,"column":47}},"type":"binary-expr","locations":[{"start":{"line":46,"column":22},"end":{"line":46,"column":29}},{"start":{"line":46,"column":33},"end":{"line":46,"column":47}}]},"3":{"loc":{"start":{"line":47,"column":24},"end":{"line":47,"column":51}},"type":"binary-expr","locations":[{"start":{"line":47,"column":24},"end":{"line":47,"column":32}},{"start":{"line":47,"column":36},"end":{"line":47,"column":51}}]},"4":{"loc":{"start":{"line":62,"column":10},"end":{"line":62,"column":74}},"type":"cond-expr","locations":[{"start":{"line":62,"column":18},"end":{"line":62,"column":67}},{"start":{"line":62,"column":70},"end":{"line":62,"column":74}}]}},"s":{"0":5,"1":6,"2":6,"3":5,"4":5,"5":5,"6":12,"7":12,"8":12,"9":12,"10":0,"11":12,"12":12,"13":12,"14":5,"15":5,"16":5},"f":{"0":6,"1":5,"2":12},"b":{"0":[5,0],"1":[12,0],"2":[12,7],"3":[12,7],"4":[11,1]},"_coverageSchema":"332fd63041d2c1bcb487cc26dd0d5f7d97098a6c","hash":"8991c71aafdb46ad54865d345baebd0d13afd68a"}
,"/home/spirade/WebstormProjects/wfm-reborn/client/scripts/components/UI/Field/Field.jsx": {"path":"/home/spirade/WebstormProjects/wfm-reborn/client/scripts/components/UI/Field/Field.jsx","statementMap":{"0":{"start":{"line":14,"column":11},"end":{"line":14,"column":34}},"1":{"start":{"line":16,"column":14},"end":{"line":60,"column":1}},"2":{"start":{"line":29,"column":21},"end":{"line":29,"column":36}},"3":{"start":{"line":31,"column":18},"end":{"line":33,"column":4}},"4":{"start":{"line":35,"column":23},"end":{"line":37,"column":4}},"5":{"start":{"line":39,"column":20},"end":{"line":46,"column":15}},"6":{"start":{"line":48,"column":2},"end":{"line":59,"column":4}},"7":{"start":{"line":62,"column":0},"end":{"line":62,"column":28}},"8":{"start":{"line":64,"column":0},"end":{"line":78,"column":2}},"9":{"start":{"line":80,"column":0},"end":{"line":94,"column":2}}},"fnMap":{"0":{"name":"(anonymous_0)","decl":{"start":{"line":16,"column":14},"end":{"line":16,"column":15}},"loc":{"start":{"line":28,"column":6},"end":{"line":60,"column":1}}}},"branchMap":{"0":{"loc":{"start":{"line":17,"column":2},"end":{"line":17,"column":15}},"type":"default-arg","locations":[{"start":{"line":17,"column":9},"end":{"line":17,"column":15}}]},"1":{"loc":{"start":{"line":18,"column":2},"end":{"line":18,"column":18}},"type":"default-arg","locations":[{"start":{"line":18,"column":10},"end":{"line":18,"column":18}}]},"2":{"loc":{"start":{"line":53,"column":14},"end":{"line":53,"column":73}},"type":"cond-expr","locations":[{"start":{"line":53,"column":60},"end":{"line":53,"column":64}},{"start":{"line":53,"column":67},"end":{"line":53,"column":73}}]}},"s":{"0":3,"1":3,"2":12,"3":12,"4":12,"5":12,"6":12,"7":3,"8":3,"9":3},"f":{"0":12},"b":{"0":[0],"1":[0],"2":[2,10]},"_coverageSchema":"332fd63041d2c1bcb487cc26dd0d5f7d97098a6c","hash":"be572e9604b1ed5a41f02f5abc2322a947fe0b03"}
,"/home/spirade/WebstormProjects/wfm-reborn/client/scripts/components/UI/Heading/Heading.jsx": {"path":"/home/spirade/WebstormProjects/wfm-reborn/client/scripts/components/UI/Heading/Heading.jsx","statementMap":{"0":{"start":{"line":6,"column":16},"end":{"line":10,"column":1}},"1":{"start":{"line":7,"column":18},"end":{"line":7,"column":55}},"2":{"start":{"line":9,"column":2},"end":{"line":9,"column":59}},"3":{"start":{"line":12,"column":0},"end":{"line":12,"column":32}},"4":{"start":{"line":14,"column":0},"end":{"line":18,"column":2}},"5":{"start":{"line":20,"column":0},"end":{"line":24,"column":2}}},"fnMap":{"0":{"name":"(anonymous_0)","decl":{"start":{"line":6,"column":16},"end":{"line":6,"column":17}},"loc":{"start":{"line":6,"column":48},"end":{"line":10,"column":1}}}},"branchMap":{},"s":{"0":4,"1":2,"2":2,"3":4,"4":4,"5":4},"f":{"0":2},"b":{},"_coverageSchema":"332fd63041d2c1bcb487cc26dd0d5f7d97098a6c","hash":"82655ab4303cdb0d7b810cf7b83fd4f737f88e52"}
,"/home/spirade/WebstormProjects/wfm-reborn/client/scripts/components/UI/Hint/Hint.jsx": {"path":"/home/spirade/WebstormProjects/wfm-reborn/client/scripts/components/UI/Hint/Hint.jsx","statementMap":{"0":{"start":{"line":7,"column":11},"end":{"line":7,"column":34}},"1":{"start":{"line":11,"column":4},"end":{"line":11,"column":17}},"2":{"start":{"line":13,"column":4},"end":{"line":15,"column":6}},"3":{"start":{"line":17,"column":4},"end":{"line":17,"column":59}},"4":{"start":{"line":18,"column":4},"end":{"line":18,"column":57}},"5":{"start":{"line":22,"column":4},"end":{"line":24,"column":7}},"6":{"start":{"line":28,"column":4},"end":{"line":28,"column":27}},"7":{"start":{"line":30,"column":4},"end":{"line":30,"column":37}},"8":{"start":{"line":34,"column":4},"end":{"line":34,"column":27}},"9":{"start":{"line":36,"column":4},"end":{"line":36,"column":38}},"10":{"start":{"line":40,"column":36},"end":{"line":40,"column":46}},"11":{"start":{"line":41,"column":24},"end":{"line":41,"column":34}},"12":{"start":{"line":43,"column":24},"end":{"line":43,"column":50}},"13":{"start":{"line":44,"column":27},"end":{"line":46,"column":6}},"14":{"start":{"line":48,"column":4},"end":{"line":58,"column":6}},"15":{"start":{"line":62,"column":0},"end":{"line":62,"column":26}},"16":{"start":{"line":64,"column":0},"end":{"line":67,"column":2}},"17":{"start":{"line":69,"column":0},"end":{"line":71,"column":2}}},"fnMap":{"0":{"name":"(anonymous_0)","decl":{"start":{"line":10,"column":2},"end":{"line":10,"column":3}},"loc":{"start":{"line":10,"column":21},"end":{"line":19,"column":3}}},"1":{"name":"(anonymous_1)","decl":{"start":{"line":21,"column":2},"end":{"line":21,"column":3}},"loc":{"start":{"line":21,"column":23},"end":{"line":25,"column":3}}},"2":{"name":"(anonymous_2)","decl":{"start":{"line":27,"column":2},"end":{"line":27,"column":3}},"loc":{"start":{"line":27,"column":25},"end":{"line":31,"column":3}}},"3":{"name":"(anonymous_3)","decl":{"start":{"line":33,"column":2},"end":{"line":33,"column":3}},"loc":{"start":{"line":33,"column":24},"end":{"line":37,"column":3}}},"4":{"name":"(anonymous_4)","decl":{"start":{"line":39,"column":2},"end":{"line":39,"column":3}},"loc":{"start":{"line":39,"column":11},"end":{"line":59,"column":3}}}},"branchMap":{},"s":{"0":4,"1":0,"2":0,"3":0,"4":0,"5":0,"6":0,"7":0,"8":0,"9":0,"10":0,"11":0,"12":0,"13":0,"14":0,"15":4,"16":4,"17":4},"f":{"0":0,"1":0,"2":0,"3":0,"4":0},"b":{},"_coverageSchema":"332fd63041d2c1bcb487cc26dd0d5f7d97098a6c","hash":"c95eaed479b3ee18f188b07218f18f87654ac44b"}
,"/home/spirade/WebstormProjects/wfm-reborn/client/scripts/components/UI/Icon/Icon.jsx": {"path":"/home/spirade/WebstormProjects/wfm-reborn/client/scripts/components/UI/Icon/Icon.jsx","statementMap":{"0":{"start":{"line":6,"column":11},"end":{"line":6,"column":34}},"1":{"start":{"line":8,"column":13},"end":{"line":46,"column":1}},"2":{"start":{"line":22,"column":18},"end":{"line":22,"column":39}},"3":{"start":{"line":24,"column":25},"end":{"line":31,"column":3}},"4":{"start":{"line":33,"column":2},"end":{"line":45,"column":4}},"5":{"start":{"line":48,"column":0},"end":{"line":48,"column":26}},"6":{"start":{"line":50,"column":0},"end":{"line":72,"column":2}},"7":{"start":{"line":74,"column":0},"end":{"line":87,"column":2}}},"fnMap":{"0":{"name":"(anonymous_0)","decl":{"start":{"line":8,"column":13},"end":{"line":8,"column":14}},"loc":{"start":{"line":21,"column":6},"end":{"line":46,"column":1}}}},"branchMap":{"0":{"loc":{"start":{"line":9,"column":2},"end":{"line":9,"column":12}},"type":"default-arg","locations":[{"start":{"line":9,"column":10},"end":{"line":9,"column":12}}]},"1":{"loc":{"start":{"line":10,"column":2},"end":{"line":10,"column":13}},"type":"default-arg","locations":[{"start":{"line":10,"column":11},"end":{"line":10,"column":13}}]},"2":{"loc":{"start":{"line":25,"column":10},"end":{"line":25,"column":24}},"type":"binary-expr","locations":[{"start":{"line":25,"column":10},"end":{"line":25,"column":14}},{"start":{"line":25,"column":18},"end":{"line":25,"column":24}}]},"3":{"loc":{"start":{"line":26,"column":12},"end":{"line":26,"column":29}},"type":"binary-expr","locations":[{"start":{"line":26,"column":12},"end":{"line":26,"column":18}},{"start":{"line":26,"column":22},"end":{"line":26,"column":29}}]},"4":{"loc":{"start":{"line":27,"column":17},"end":{"line":27,"column":33}},"type":"binary-expr","locations":[{"start":{"line":27,"column":17},"end":{"line":27,"column":28}},{"start":{"line":27,"column":32},"end":{"line":27,"column":33}}]}},"s":{"0":11,"1":11,"2":8,"3":8,"4":8,"5":11,"6":11,"7":11},"f":{"0":8},"b":{"0":[0],"1":[0],"2":[8,0],"3":[8,0],"4":[8,0]},"_coverageSchema":"332fd63041d2c1bcb487cc26dd0d5f7d97098a6c","hash":"f19a31bd571a8c7b6abef101524d4e928919edc8"}
,"/home/spirade/WebstormProjects/wfm-reborn/client/scripts/components/UI/Input/InputCurrency/InputCurrency.jsx": {"path":"/home/spirade/WebstormProjects/wfm-reborn/client/scripts/components/UI/Input/InputCurrency/InputCurrency.jsx","statementMap":{"0":{"start":{"line":8,"column":11},"end":{"line":8,"column":34}},"1":{"start":{"line":10,"column":22},"end":{"line":42,"column":1}},"2":{"start":{"line":16,"column":21},"end":{"line":16,"column":29}},"3":{"start":{"line":18,"column":18},"end":{"line":20,"column":4}},"4":{"start":{"line":22,"column":2},"end":{"line":41,"column":4}},"5":{"start":{"line":44,"column":0},"end":{"line":44,"column":44}},"6":{"start":{"line":46,"column":0},"end":{"line":50,"column":2}},"7":{"start":{"line":52,"column":0},"end":{"line":58,"column":2}}},"fnMap":{"0":{"name":"(anonymous_0)","decl":{"start":{"line":10,"column":22},"end":{"line":10,"column":23}},"loc":{"start":{"line":15,"column":6},"end":{"line":42,"column":1}}}},"branchMap":{"0":{"loc":{"start":{"line":24,"column":7},"end":{"line":24,"column":64}},"type":"binary-expr","locations":[{"start":{"line":24,"column":7},"end":{"line":24,"column":13}},{"start":{"line":24,"column":17},"end":{"line":24,"column":64}}]},"1":{"loc":{"start":{"line":27,"column":23},"end":{"line":27,"column":43}},"type":"cond-expr","locations":[{"start":{"line":27,"column":36},"end":{"line":27,"column":38}},{"start":{"line":27,"column":41},"end":{"line":27,"column":43}}]},"2":{"loc":{"start":{"line":28,"column":24},"end":{"line":28,"column":45}},"type":"cond-expr","locations":[{"start":{"line":28,"column":38},"end":{"line":28,"column":40}},{"start":{"line":28,"column":43},"end":{"line":28,"column":45}}]},"3":{"loc":{"start":{"line":31,"column":26},"end":{"line":31,"column":64}},"type":"cond-expr","locations":[{"start":{"line":31,"column":40},"end":{"line":31,"column":45}},{"start":{"line":31,"column":48},"end":{"line":31,"column":64}}]},"4":{"loc":{"start":{"line":35,"column":8},"end":{"line":38,"column":14}},"type":"binary-expr","locations":[{"start":{"line":35,"column":8},"end":{"line":35,"column":19}},{"start":{"line":36,"column":8},"end":{"line":38,"column":14}}]}},"s":{"0":4,"1":4,"2":11,"3":11,"4":11,"5":4,"6":4,"7":4},"f":{"0":11},"b":{"0":[11,11],"1":[11,0],"2":[3,8],"3":[3,8],"4":[11,3]},"_coverageSchema":"332fd63041d2c1bcb487cc26dd0d5f7d97098a6c","hash":"57d3c02ad8ce291f13f6981519b71548954dfd44"}
,"/home/spirade/WebstormProjects/wfm-reborn/client/scripts/components/UI/Input/InputNumber/InputNumber.jsx": {"path":"/home/spirade/WebstormProjects/wfm-reborn/client/scripts/components/UI/Input/InputNumber/InputNumber.jsx","statementMap":{"0":{"start":{"line":9,"column":2},"end":{"line":9,"column":68}},"1":{"start":{"line":14,"column":4},"end":{"line":14,"column":17}},"2":{"start":{"line":16,"column":4},"end":{"line":18,"column":6}},"3":{"start":{"line":20,"column":4},"end":{"line":20,"column":53}},"4":{"start":{"line":24,"column":4},"end":{"line":26,"column":7}},"5":{"start":{"line":30,"column":50},"end":{"line":30,"column":60}},"6":{"start":{"line":31,"column":4},"end":{"line":33,"column":5}},"7":{"start":{"line":32,"column":6},"end":{"line":32,"column":30}},"8":{"start":{"line":35,"column":4},"end":{"line":37,"column":5}},"9":{"start":{"line":36,"column":6},"end":{"line":36,"column":63}},"10":{"start":{"line":39,"column":4},"end":{"line":41,"column":5}},"11":{"start":{"line":40,"column":6},"end":{"line":40,"column":29}},"12":{"start":{"line":43,"column":4},"end":{"line":46,"column":6}},"13":{"start":{"line":50,"column":33},"end":{"line":50,"column":53}},"14":{"start":{"line":51,"column":4},"end":{"line":51,"column":115}},"15":{"start":{"line":55,"column":21},"end":{"line":55,"column":42}},"16":{"start":{"line":57,"column":12},"end":{"line":57,"column":13}},"17":{"start":{"line":59,"column":4},"end":{"line":65,"column":5}},"18":{"start":{"line":60,"column":6},"end":{"line":60,"column":90}},"19":{"start":{"line":60,"column":81},"end":{"line":60,"column":90}},"20":{"start":{"line":62,"column":6},"end":{"line":62,"column":86}},"21":{"start":{"line":62,"column":79},"end":{"line":62,"column":86}},"22":{"start":{"line":64,"column":6},"end":{"line":64,"column":13}},"23":{"start":{"line":68,"column":4},"end":{"line":72,"column":5}},"24":{"start":{"line":69,"column":6},"end":{"line":71,"column":17}},"25":{"start":{"line":69,"column":50},"end":{"line":69,"column":57}},"26":{"start":{"line":71,"column":11},"end":{"line":71,"column":17}},"27":{"start":{"line":74,"column":4},"end":{"line":74,"column":13}},"28":{"start":{"line":78,"column":15},"end":{"line":78,"column":25}},"29":{"start":{"line":80,"column":4},"end":{"line":95,"column":5}},"30":{"start":{"line":81,"column":6},"end":{"line":87,"column":7}},"31":{"start":{"line":82,"column":22},"end":{"line":82,"column":42}},"32":{"start":{"line":83,"column":8},"end":{"line":83,"column":42}},"33":{"start":{"line":84,"column":8},"end":{"line":84,"column":23}},"34":{"start":{"line":86,"column":8},"end":{"line":86,"column":20}},"35":{"start":{"line":89,"column":6},"end":{"line":94,"column":7}},"36":{"start":{"line":90,"column":8},"end":{"line":90,"column":19}},"37":{"start":{"line":91,"column":8},"end":{"line":91,"column":49}},"38":{"start":{"line":93,"column":8},"end":{"line":93,"column":20}},"39":{"start":{"line":97,"column":4},"end":{"line":97,"column":17}},"40":{"start":{"line":101,"column":21},"end":{"line":101,"column":46}},"41":{"start":{"line":102,"column":21},"end":{"line":102,"column":50}},"42":{"start":{"line":104,"column":4},"end":{"line":104,"column":62}},"43":{"start":{"line":104,"column":50},"end":{"line":104,"column":62}},"44":{"start":{"line":106,"column":4},"end":{"line":106,"column":45}},"45":{"start":{"line":110,"column":21},"end":{"line":110,"column":46}},"46":{"start":{"line":112,"column":4},"end":{"line":115,"column":6}},"47":{"start":{"line":119,"column":61},"end":{"line":119,"column":71}},"48":{"start":{"line":120,"column":26},"end":{"line":120,"column":50}},"49":{"start":{"line":122,"column":4},"end":{"line":124,"column":5}},"50":{"start":{"line":123,"column":6},"end":{"line":123,"column":47}},"51":{"start":{"line":126,"column":25},"end":{"line":126,"column":27}},"52":{"start":{"line":128,"column":4},"end":{"line":136,"column":5}},"53":{"start":{"line":129,"column":28},"end":{"line":129,"column":45}},"54":{"start":{"line":131,"column":6},"end":{"line":133,"column":76}},"55":{"start":{"line":135,"column":6},"end":{"line":135,"column":55}},"56":{"start":{"line":138,"column":4},"end":{"line":138,"column":46}},"57":{"start":{"line":142,"column":52},"end":{"line":142,"column":72}},"58":{"start":{"line":144,"column":25},"end":{"line":144,"column":30}},"59":{"start":{"line":146,"column":24},"end":{"line":146,"column":38}},"60":{"start":{"line":147,"column":23},"end":{"line":147,"column":25}},"61":{"start":{"line":149,"column":24},"end":{"line":149,"column":71}},"62":{"start":{"line":151,"column":4},"end":{"line":155,"column":5}},"63":{"start":{"line":152,"column":20},"end":{"line":152,"column":58}},"64":{"start":{"line":153,"column":6},"end":{"line":153,"column":31}},"65":{"start":{"line":154,"column":6},"end":{"line":154,"column":30}},"66":{"start":{"line":157,"column":4},"end":{"line":159,"column":5}},"67":{"start":{"line":158,"column":6},"end":{"line":158,"column":97}},"68":{"start":{"line":161,"column":4},"end":{"line":161,"column":92}},"69":{"start":{"line":163,"column":4},"end":{"line":163,"column":26}},"70":{"start":{"line":167,"column":22},"end":{"line":167,"column":51}},"71":{"start":{"line":169,"column":18},"end":{"line":169,"column":19}},"72":{"start":{"line":170,"column":26},"end":{"line":170,"column":33}},"73":{"start":{"line":172,"column":4},"end":{"line":177,"column":5}},"74":{"start":{"line":173,"column":6},"end":{"line":176,"column":7}},"75":{"start":{"line":174,"column":8},"end":{"line":174,"column":47}},"76":{"start":{"line":175,"column":8},"end":{"line":175,"column":68}},"77":{"start":{"line":179,"column":20},"end":{"line":179,"column":52}},"78":{"start":{"line":181,"column":4},"end":{"line":182,"column":93}},"79":{"start":{"line":186,"column":4},"end":{"line":186,"column":27}},"80":{"start":{"line":188,"column":38},"end":{"line":188,"column":69}},"81":{"start":{"line":190,"column":23},"end":{"line":190,"column":52}},"82":{"start":{"line":191,"column":20},"end":{"line":191,"column":45}},"83":{"start":{"line":193,"column":4},"end":{"line":198,"column":7}},"84":{"start":{"line":194,"column":6},"end":{"line":194,"column":80}},"85":{"start":{"line":195,"column":6},"end":{"line":195,"column":39}},"86":{"start":{"line":197,"column":6},"end":{"line":197,"column":33}},"87":{"start":{"line":200,"column":4},"end":{"line":200,"column":17}},"88":{"start":{"line":215,"column":8},"end":{"line":215,"column":18}},"89":{"start":{"line":217,"column":16},"end":{"line":217,"column":64}},"90":{"start":{"line":217,"column":42},"end":{"line":217,"column":61}},"91":{"start":{"line":219,"column":4},"end":{"line":229,"column":6}},"92":{"start":{"line":233,"column":0},"end":{"line":233,"column":40}},"93":{"start":{"line":235,"column":0},"end":{"line":248,"column":2}},"94":{"start":{"line":250,"column":0},"end":{"line":256,"column":2}}},"fnMap":{"0":{"name":"escapeRegExp","decl":{"start":{"line":8,"column":9},"end":{"line":8,"column":21}},"loc":{"start":{"line":8,"column":27},"end":{"line":10,"column":1}}},"1":{"name":"(anonymous_1)","decl":{"start":{"line":13,"column":2},"end":{"line":13,"column":3}},"loc":{"start":{"line":13,"column":21},"end":{"line":21,"column":3}}},"2":{"name":"(anonymous_2)","decl":{"start":{"line":23,"column":2},"end":{"line":23,"column":3}},"loc":{"start":{"line":23,"column":39},"end":{"line":27,"column":3}}},"3":{"name":"(anonymous_3)","decl":{"start":{"line":29,"column":2},"end":{"line":29,"column":3}},"loc":{"start":{"line":29,"column":18},"end":{"line":47,"column":3}}},"4":{"name":"(anonymous_4)","decl":{"start":{"line":49,"column":2},"end":{"line":49,"column":3}},"loc":{"start":{"line":49,"column":20},"end":{"line":52,"column":3}}},"5":{"name":"(anonymous_5)","decl":{"start":{"line":54,"column":2},"end":{"line":54,"column":3}},"loc":{"start":{"line":54,"column":59},"end":{"line":75,"column":3}}},"6":{"name":"(anonymous_6)","decl":{"start":{"line":77,"column":2},"end":{"line":77,"column":3}},"loc":{"start":{"line":77,"column":29},"end":{"line":98,"column":3}}},"7":{"name":"(anonymous_7)","decl":{"start":{"line":100,"column":2},"end":{"line":100,"column":3}},"loc":{"start":{"line":100,"column":22},"end":{"line":107,"column":3}}},"8":{"name":"(anonymous_8)","decl":{"start":{"line":109,"column":2},"end":{"line":109,"column":3}},"loc":{"start":{"line":109,"column":32},"end":{"line":116,"column":3}}},"9":{"name":"(anonymous_9)","decl":{"start":{"line":118,"column":2},"end":{"line":118,"column":3}},"loc":{"start":{"line":118,"column":16},"end":{"line":139,"column":3}}},"10":{"name":"(anonymous_10)","decl":{"start":{"line":141,"column":2},"end":{"line":141,"column":3}},"loc":{"start":{"line":141,"column":21},"end":{"line":164,"column":3}}},"11":{"name":"(anonymous_11)","decl":{"start":{"line":166,"column":2},"end":{"line":166,"column":3}},"loc":{"start":{"line":166,"column":39},"end":{"line":183,"column":3}}},"12":{"name":"(anonymous_12)","decl":{"start":{"line":185,"column":2},"end":{"line":185,"column":3}},"loc":{"start":{"line":185,"column":22},"end":{"line":201,"column":3}}},"13":{"name":"(anonymous_13)","decl":{"start":{"line":193,"column":45},"end":{"line":193,"column":46}},"loc":{"start":{"line":193,"column":51},"end":{"line":198,"column":5}}},"14":{"name":"(anonymous_14)","decl":{"start":{"line":203,"column":2},"end":{"line":203,"column":3}},"loc":{"start":{"line":203,"column":11},"end":{"line":230,"column":3}}},"15":{"name":"(anonymous_15)","decl":{"start":{"line":217,"column":29},"end":{"line":217,"column":30}},"loc":{"start":{"line":217,"column":40},"end":{"line":217,"column":63}}}},"branchMap":{"0":{"loc":{"start":{"line":31,"column":4},"end":{"line":33,"column":5}},"type":"if","locations":[{"start":{"line":31,"column":4},"end":{"line":33,"column":5}},{"start":{"line":31,"column":4},"end":{"line":33,"column":5}}]},"1":{"loc":{"start":{"line":35,"column":4},"end":{"line":37,"column":5}},"type":"if","locations":[{"start":{"line":35,"column":4},"end":{"line":37,"column":5}},{"start":{"line":35,"column":4},"end":{"line":37,"column":5}}]},"2":{"loc":{"start":{"line":35,"column":8},"end":{"line":35,"column":45}},"type":"binary-expr","locations":[{"start":{"line":35,"column":8},"end":{"line":35,"column":24}},{"start":{"line":35,"column":28},"end":{"line":35,"column":45}}]},"3":{"loc":{"start":{"line":36,"column":25},"end":{"line":36,"column":62}},"type":"cond-expr","locations":[{"start":{"line":36,"column":53},"end":{"line":36,"column":56}},{"start":{"line":36,"column":59},"end":{"line":36,"column":62}}]},"4":{"loc":{"start":{"line":39,"column":4},"end":{"line":41,"column":5}},"type":"if","locations":[{"start":{"line":39,"column":4},"end":{"line":41,"column":5}},{"start":{"line":39,"column":4},"end":{"line":41,"column":5}}]},"5":{"loc":{"start":{"line":51,"column":31},"end":{"line":51,"column":91}},"type":"cond-expr","locations":[{"start":{"line":51,"column":50},"end":{"line":51,"column":86}},{"start":{"line":51,"column":89},"end":{"line":51,"column":91}}]},"6":{"loc":{"start":{"line":51,"column":94},"end":{"line":51,"column":113}},"type":"cond-expr","locations":[{"start":{"line":51,"column":98},"end":{"line":51,"column":101}},{"start":{"line":51,"column":104},"end":{"line":51,"column":113}}]},"7":{"loc":{"start":{"line":60,"column":6},"end":{"line":60,"column":90}},"type":"if","locations":[{"start":{"line":60,"column":6},"end":{"line":60,"column":90}},{"start":{"line":60,"column":6},"end":{"line":60,"column":90}}]},"8":{"loc":{"start":{"line":60,"column":10},"end":{"line":60,"column":79}},"type":"binary-expr","locations":[{"start":{"line":60,"column":10},"end":{"line":60,"column":40}},{"start":{"line":60,"column":44},"end":{"line":60,"column":79}}]},"9":{"loc":{"start":{"line":62,"column":13},"end":{"line":62,"column":77}},"type":"binary-expr","locations":[{"start":{"line":62,"column":13},"end":{"line":62,"column":48}},{"start":{"line":62,"column":52},"end":{"line":62,"column":77}}]},"10":{"loc":{"start":{"line":68,"column":11},"end":{"line":68,"column":37}},"type":"binary-expr","locations":[{"start":{"line":68,"column":11},"end":{"line":68,"column":16}},{"start":{"line":68,"column":20},"end":{"line":68,"column":37}}]},"11":{"loc":{"start":{"line":69,"column":6},"end":{"line":71,"column":17}},"type":"if","locations":[{"start":{"line":69,"column":6},"end":{"line":71,"column":17}},{"start":{"line":69,"column":6},"end":{"line":71,"column":17}}]},"12":{"loc":{"start":{"line":80,"column":4},"end":{"line":95,"column":5}},"type":"if","locations":[{"start":{"line":80,"column":4},"end":{"line":95,"column":5}},{"start":{"line":80,"column":4},"end":{"line":95,"column":5}}]},"13":{"loc":{"start":{"line":81,"column":6},"end":{"line":87,"column":7}},"type":"if","locations":[{"start":{"line":81,"column":6},"end":{"line":87,"column":7}},{"start":{"line":81,"column":6},"end":{"line":87,"column":7}}]},"14":{"loc":{"start":{"line":89,"column":6},"end":{"line":94,"column":7}},"type":"if","locations":[{"start":{"line":89,"column":6},"end":{"line":94,"column":7}},{"start":{"line":89,"column":6},"end":{"line":94,"column":7}}]},"15":{"loc":{"start":{"line":89,"column":10},"end":{"line":89,"column":54}},"type":"binary-expr","locations":[{"start":{"line":89,"column":10},"end":{"line":89,"column":27}},{"start":{"line":89,"column":31},"end":{"line":89,"column":54}}]},"16":{"loc":{"start":{"line":102,"column":21},"end":{"line":102,"column":50}},"type":"cond-expr","locations":[{"start":{"line":102,"column":29},"end":{"line":102,"column":45}},{"start":{"line":102,"column":48},"end":{"line":102,"column":50}}]},"17":{"loc":{"start":{"line":104,"column":4},"end":{"line":104,"column":62}},"type":"if","locations":[{"start":{"line":104,"column":4},"end":{"line":104,"column":62}},{"start":{"line":104,"column":4},"end":{"line":104,"column":62}}]},"18":{"loc":{"start":{"line":104,"column":8},"end":{"line":104,"column":48}},"type":"binary-expr","locations":[{"start":{"line":104,"column":8},"end":{"line":104,"column":17}},{"start":{"line":104,"column":21},"end":{"line":104,"column":48}}]},"19":{"loc":{"start":{"line":122,"column":4},"end":{"line":124,"column":5}},"type":"if","locations":[{"start":{"line":122,"column":4},"end":{"line":124,"column":5}},{"start":{"line":122,"column":4},"end":{"line":124,"column":5}}]},"20":{"loc":{"start":{"line":128,"column":4},"end":{"line":136,"column":5}},"type":"if","locations":[{"start":{"line":128,"column":4},"end":{"line":136,"column":5}},{"start":{"line":128,"column":4},"end":{"line":136,"column":5}}]},"21":{"loc":{"start":{"line":128,"column":8},"end":{"line":128,"column":36}},"type":"binary-expr","locations":[{"start":{"line":128,"column":8},"end":{"line":128,"column":15}},{"start":{"line":128,"column":19},"end":{"line":128,"column":36}}]},"22":{"loc":{"start":{"line":131,"column":23},"end":{"line":133,"column":75}},"type":"cond-expr","locations":[{"start":{"line":132,"column":10},"end":{"line":132,"column":62}},{"start":{"line":133,"column":10},"end":{"line":133,"column":75}}]},"23":{"loc":{"start":{"line":151,"column":4},"end":{"line":155,"column":5}},"type":"if","locations":[{"start":{"line":151,"column":4},"end":{"line":155,"column":5}},{"start":{"line":151,"column":4},"end":{"line":155,"column":5}}]},"24":{"loc":{"start":{"line":151,"column":8},"end":{"line":151,"column":39}},"type":"binary-expr","locations":[{"start":{"line":151,"column":8},"end":{"line":151,"column":24}},{"start":{"line":151,"column":28},"end":{"line":151,"column":39}}]},"25":{"loc":{"start":{"line":157,"column":4},"end":{"line":159,"column":5}},"type":"if","locations":[{"start":{"line":157,"column":4},"end":{"line":159,"column":5}},{"start":{"line":157,"column":4},"end":{"line":159,"column":5}}]},"26":{"loc":{"start":{"line":161,"column":38},"end":{"line":161,"column":75}},"type":"binary-expr","locations":[{"start":{"line":161,"column":38},"end":{"line":161,"column":49}},{"start":{"line":161,"column":53},"end":{"line":161,"column":69}},{"start":{"line":161,"column":73},"end":{"line":161,"column":75}}]},"27":{"loc":{"start":{"line":173,"column":6},"end":{"line":176,"column":7}},"type":"if","locations":[{"start":{"line":173,"column":6},"end":{"line":176,"column":7}},{"start":{"line":173,"column":6},"end":{"line":176,"column":7}}]},"28":{"loc":{"start":{"line":182,"column":7},"end":{"line":182,"column":91}},"type":"cond-expr","locations":[{"start":{"line":182,"column":24},"end":{"line":182,"column":86}},{"start":{"line":182,"column":89},"end":{"line":182,"column":91}}]},"29":{"loc":{"start":{"line":217,"column":16},"end":{"line":217,"column":64}},"type":"binary-expr","locations":[{"start":{"line":217,"column":16},"end":{"line":217,"column":24}},{"start":{"line":217,"column":29},"end":{"line":217,"column":63}}]}},"s":{"0":27,"1":20,"2":20,"3":20,"4":1,"5":76,"6":76,"7":23,"8":76,"9":29,"10":76,"11":0,"12":76,"13":69,"14":69,"15":15,"16":15,"17":15,"18":0,"19":0,"20":0,"21":0,"22":0,"23":15,"24":0,"25":0,"26":0,"27":15,"28":15,"29":15,"30":15,"31":0,"32":0,"33":0,"34":0,"35":15,"36":15,"37":15,"38":15,"39":0,"40":36,"41":36,"42":36,"43":18,"44":18,"45":18,"46":18,"47":36,"48":36,"49":36,"50":18,"51":18,"52":18,"53":11,"54":11,"55":7,"56":18,"57":7,"58":7,"59":7,"60":7,"61":7,"62":7,"63":2,"64":2,"65":2,"66":7,"67":6,"68":7,"69":7,"70":5,"71":5,"72":5,"73":5,"74":25,"75":25,"76":25,"77":5,"78":5,"79":15,"80":15,"81":15,"82":15,"83":15,"84":15,"85":15,"86":15,"87":15,"88":36,"89":36,"90":52,"91":36,"92":5,"93":5,"94":5},"f":{"0":27,"1":20,"2":1,"3":76,"4":69,"5":15,"6":15,"7":36,"8":18,"9":36,"10":7,"11":5,"12":15,"13":15,"14":36,"15":52},"b":{"0":[23,53],"1":[29,47],"2":[76,29],"3":[29,0],"4":[0,76],"5":[27,42],"6":[54,15],"7":[0,0],"8":[0,0],"9":[0,0],"10":[15,0],"11":[0,0],"12":[15,0],"13":[0,15],"14":[15,0],"15":[15,15],"16":[20,16],"17":[18,18],"18":[36,20],"19":[18,18],"20":[11,7],"21":[18,11],"22":[5,6],"23":[2,5],"24":[7,2],"25":[6,1],"26":[7,2,5],"27":[25,0],"28":[4,1],"29":[36,36]},"_coverageSchema":"332fd63041d2c1bcb487cc26dd0d5f7d97098a6c","hash":"254d64f2cb121ca62b2b97ed4dfd1c2af3b48eea"}
,"/home/spirade/WebstormProjects/wfm-reborn/client/scripts/components/UI/Input/InputNumber/utils/patterns.js": {"path":"/home/spirade/WebstormProjects/wfm-reborn/client/scripts/components/UI/Input/InputNumber/utils/patterns.js","statementMap":{"0":{"start":{"line":1,"column":24},"end":{"line":1,"column":59}},"1":{"start":{"line":3,"column":23},"end":{"line":3,"column":52}},"2":{"start":{"line":5,"column":22},"end":{"line":5,"column":51}},"3":{"start":{"line":6,"column":19},"end":{"line":6,"column":44}},"4":{"start":{"line":8,"column":20},"end":{"line":8,"column":45}},"5":{"start":{"line":9,"column":17},"end":{"line":9,"column":40}},"6":{"start":{"line":12,"column":2},"end":{"line":12,"column":83}},"7":{"start":{"line":16,"column":2},"end":{"line":16,"column":68}},"8":{"start":{"line":19,"column":17},"end":{"line":103,"column":1}},"9":{"start":{"line":25,"column":19},"end":{"line":40,"column":5}},"10":{"start":{"line":42,"column":22},"end":{"line":42,"column":47}},"11":{"start":{"line":44,"column":16},"end":{"line":44,"column":41}},"12":{"start":{"line":45,"column":14},"end":{"line":45,"column":39}},"13":{"start":{"line":46,"column":15},"end":{"line":46,"column":40}},"14":{"start":{"line":48,"column":4},"end":{"line":51,"column":5}},"15":{"start":{"line":49,"column":6},"end":{"line":49,"column":79}},"16":{"start":{"line":49,"column":69},"end":{"line":49,"column":77}},"17":{"start":{"line":50,"column":6},"end":{"line":50,"column":60}},"18":{"start":{"line":53,"column":4},"end":{"line":56,"column":5}},"19":{"start":{"line":54,"column":6},"end":{"line":54,"column":73}},"20":{"start":{"line":54,"column":63},"end":{"line":54,"column":71}},"21":{"start":{"line":55,"column":6},"end":{"line":55,"column":54}},"22":{"start":{"line":58,"column":4},"end":{"line":66,"column":5}},"23":{"start":{"line":59,"column":6},"end":{"line":59,"column":54}},"24":{"start":{"line":60,"column":6},"end":{"line":63,"column":8}},"25":{"start":{"line":62,"column":43},"end":{"line":62,"column":85}},"26":{"start":{"line":64,"column":6},"end":{"line":64,"column":77}},"27":{"start":{"line":65,"column":6},"end":{"line":65,"column":61}},"28":{"start":{"line":68,"column":4},"end":{"line":68,"column":69}},"29":{"start":{"line":71,"column":19},"end":{"line":73,"column":10}},"30":{"start":{"line":75,"column":4},"end":{"line":75,"column":42}},"31":{"start":{"line":75,"column":26},"end":{"line":75,"column":42}},"32":{"start":{"line":77,"column":21},"end":{"line":77,"column":69}},"33":{"start":{"line":79,"column":4},"end":{"line":81,"column":5}},"34":{"start":{"line":80,"column":6},"end":{"line":80,"column":16}},"35":{"start":{"line":83,"column":25},"end":{"line":83,"column":58}},"36":{"start":{"line":85,"column":24},"end":{"line":85,"column":38}},"37":{"start":{"line":86,"column":23},"end":{"line":86,"column":25}},"38":{"start":{"line":88,"column":24},"end":{"line":88,"column":58}},"39":{"start":{"line":90,"column":4},"end":{"line":95,"column":5}},"40":{"start":{"line":91,"column":20},"end":{"line":91,"column":83}},"41":{"start":{"line":93,"column":6},"end":{"line":93,"column":31}},"42":{"start":{"line":94,"column":6},"end":{"line":94,"column":30}},"43":{"start":{"line":97,"column":4},"end":{"line":97,"column":81}},"44":{"start":{"line":99,"column":4},"end":{"line":99,"column":92}},"45":{"start":{"line":101,"column":4},"end":{"line":101,"column":26}}},"fnMap":{"0":{"name":"isZero","decl":{"start":{"line":11,"column":9},"end":{"line":11,"column":15}},"loc":{"start":{"line":11,"column":23},"end":{"line":13,"column":1}}},"1":{"name":"escapeRegExp","decl":{"start":{"line":15,"column":9},"end":{"line":15,"column":21}},"loc":{"start":{"line":15,"column":27},"end":{"line":17,"column":1}}},"2":{"name":"(anonymous_2)","decl":{"start":{"line":23,"column":8},"end":{"line":23,"column":9}},"loc":{"start":{"line":23,"column":19},"end":{"line":69,"column":3}}},"3":{"name":"(anonymous_3)","decl":{"start":{"line":49,"column":54},"end":{"line":49,"column":55}},"loc":{"start":{"line":49,"column":69},"end":{"line":49,"column":77}}},"4":{"name":"(anonymous_4)","decl":{"start":{"line":54,"column":48},"end":{"line":54,"column":49}},"loc":{"start":{"line":54,"column":63},"end":{"line":54,"column":71}}},"5":{"name":"(anonymous_5)","decl":{"start":{"line":62,"column":8},"end":{"line":62,"column":9}},"loc":{"start":{"line":62,"column":43},"end":{"line":62,"column":85}}},"6":{"name":"(anonymous_6)","decl":{"start":{"line":70,"column":12},"end":{"line":70,"column":13}},"loc":{"start":{"line":70,"column":41},"end":{"line":102,"column":3}}}},"branchMap":{"0":{"loc":{"start":{"line":12,"column":9},"end":{"line":12,"column":82}},"type":"binary-expr","locations":[{"start":{"line":12,"column":9},"end":{"line":12,"column":34}},{"start":{"line":12,"column":38},"end":{"line":12,"column":53}},{"start":{"line":12,"column":57},"end":{"line":12,"column":82}}]},"1":{"loc":{"start":{"line":48,"column":4},"end":{"line":51,"column":5}},"type":"if","locations":[{"start":{"line":48,"column":4},"end":{"line":51,"column":5}},{"start":{"line":48,"column":4},"end":{"line":51,"column":5}}]},"2":{"loc":{"start":{"line":53,"column":4},"end":{"line":56,"column":5}},"type":"if","locations":[{"start":{"line":53,"column":4},"end":{"line":56,"column":5}},{"start":{"line":53,"column":4},"end":{"line":56,"column":5}}]},"3":{"loc":{"start":{"line":58,"column":4},"end":{"line":66,"column":5}},"type":"if","locations":[{"start":{"line":58,"column":4},"end":{"line":66,"column":5}},{"start":{"line":58,"column":4},"end":{"line":66,"column":5}}]},"4":{"loc":{"start":{"line":68,"column":20},"end":{"line":68,"column":40}},"type":"cond-expr","locations":[{"start":{"line":68,"column":26},"end":{"line":68,"column":35}},{"start":{"line":68,"column":38},"end":{"line":68,"column":40}}]},"5":{"loc":{"start":{"line":68,"column":45},"end":{"line":68,"column":67}},"type":"cond-expr","locations":[{"start":{"line":68,"column":52},"end":{"line":68,"column":62}},{"start":{"line":68,"column":65},"end":{"line":68,"column":67}}]},"6":{"loc":{"start":{"line":71,"column":19},"end":{"line":73,"column":10}},"type":"cond-expr","locations":[{"start":{"line":72,"column":8},"end":{"line":72,"column":51}},{"start":{"line":73,"column":8},"end":{"line":73,"column":10}}]},"7":{"loc":{"start":{"line":71,"column":19},"end":{"line":71,"column":41}},"type":"binary-expr","locations":[{"start":{"line":71,"column":19},"end":{"line":71,"column":24}},{"start":{"line":71,"column":28},"end":{"line":71,"column":41}}]},"8":{"loc":{"start":{"line":75,"column":4},"end":{"line":75,"column":42}},"type":"if","locations":[{"start":{"line":75,"column":4},"end":{"line":75,"column":42}},{"start":{"line":75,"column":4},"end":{"line":75,"column":42}}]},"9":{"loc":{"start":{"line":79,"column":4},"end":{"line":81,"column":5}},"type":"if","locations":[{"start":{"line":79,"column":4},"end":{"line":81,"column":5}},{"start":{"line":79,"column":4},"end":{"line":81,"column":5}}]},"10":{"loc":{"start":{"line":79,"column":8},"end":{"line":79,"column":48}},"type":"binary-expr","locations":[{"start":{"line":79,"column":8},"end":{"line":79,"column":17}},{"start":{"line":79,"column":21},"end":{"line":79,"column":48}}]},"11":{"loc":{"start":{"line":90,"column":4},"end":{"line":95,"column":5}},"type":"if","locations":[{"start":{"line":90,"column":4},"end":{"line":95,"column":5}},{"start":{"line":90,"column":4},"end":{"line":95,"column":5}}]},"12":{"loc":{"start":{"line":90,"column":8},"end":{"line":90,"column":39}},"type":"binary-expr","locations":[{"start":{"line":90,"column":8},"end":{"line":90,"column":24}},{"start":{"line":90,"column":28},"end":{"line":90,"column":39}}]},"13":{"loc":{"start":{"line":99,"column":38},"end":{"line":99,"column":75}},"type":"binary-expr","locations":[{"start":{"line":99,"column":38},"end":{"line":99,"column":49}},{"start":{"line":99,"column":53},"end":{"line":99,"column":69}},{"start":{"line":99,"column":73},"end":{"line":99,"column":75}}]}},"s":{"0":5,"1":5,"2":5,"3":5,"4":5,"5":5,"6":0,"7":6,"8":5,"9":0,"10":0,"11":0,"12":0,"13":0,"14":0,"15":0,"16":0,"17":0,"18":0,"19":0,"20":0,"21":0,"22":0,"23":0,"24":0,"25":0,"26":0,"27":0,"28":0,"29":6,"30":6,"31":1,"32":6,"33":6,"34":0,"35":6,"36":6,"37":6,"38":6,"39":6,"40":1,"41":1,"42":1,"43":6,"44":6,"45":6},"f":{"0":0,"1":6,"2":0,"3":0,"4":0,"5":0,"6":6},"b":{"0":[0,0,0],"1":[0,0],"2":[0,0],"3":[0,0],"4":[0,0],"5":[0,0],"6":[6,0],"7":[6,0],"8":[1,5],"9":[0,6],"10":[6,6],"11":[1,5],"12":[6,5],"13":[6,1,5]},"_coverageSchema":"332fd63041d2c1bcb487cc26dd0d5f7d97098a6c","hash":"b65e9c052c2882ae871962f667a4efefe7438a3e"}
,"/home/spirade/WebstormProjects/wfm-reborn/client/scripts/components/UI/Input/InputSSN/InputSSN.jsx": {"path":"/home/spirade/WebstormProjects/wfm-reborn/client/scripts/components/UI/Input/InputSSN/InputSSN.jsx","statementMap":{"0":{"start":{"line":8,"column":11},"end":{"line":8,"column":34}},"1":{"start":{"line":11,"column":2},"end":{"line":11,"column":68}},"2":{"start":{"line":15,"column":2},"end":{"line":15,"column":83}},"3":{"start":{"line":20,"column":4},"end":{"line":20,"column":17}},"4":{"start":{"line":22,"column":4},"end":{"line":24,"column":6}},"5":{"start":{"line":26,"column":4},"end":{"line":26,"column":53}},"6":{"start":{"line":30,"column":4},"end":{"line":32,"column":7}},"7":{"start":{"line":36,"column":44},"end":{"line":36,"column":54}},"8":{"start":{"line":37,"column":4},"end":{"line":37,"column":112}},"9":{"start":{"line":41,"column":52},"end":{"line":41,"column":62}},"10":{"start":{"line":43,"column":19},"end":{"line":45,"column":10}},"11":{"start":{"line":47,"column":4},"end":{"line":47,"column":42}},"12":{"start":{"line":47,"column":26},"end":{"line":47,"column":42}},"13":{"start":{"line":49,"column":21},"end":{"line":49,"column":46}},"14":{"start":{"line":51,"column":4},"end":{"line":53,"column":5}},"15":{"start":{"line":52,"column":6},"end":{"line":52,"column":47}},"16":{"start":{"line":55,"column":25},"end":{"line":55,"column":58}},"17":{"start":{"line":57,"column":24},"end":{"line":57,"column":38}},"18":{"start":{"line":58,"column":23},"end":{"line":58,"column":25}},"19":{"start":{"line":60,"column":24},"end":{"line":60,"column":71}},"20":{"start":{"line":62,"column":4},"end":{"line":67,"column":5}},"21":{"start":{"line":63,"column":20},"end":{"line":63,"column":96}},"22":{"start":{"line":65,"column":6},"end":{"line":65,"column":31}},"23":{"start":{"line":66,"column":6},"end":{"line":66,"column":30}},"24":{"start":{"line":69,"column":4},"end":{"line":69,"column":95}},"25":{"start":{"line":71,"column":4},"end":{"line":71,"column":92}},"26":{"start":{"line":73,"column":4},"end":{"line":76,"column":6}},"27":{"start":{"line":80,"column":21},"end":{"line":80,"column":42}},"28":{"start":{"line":82,"column":12},"end":{"line":82,"column":13}},"29":{"start":{"line":84,"column":4},"end":{"line":90,"column":5}},"30":{"start":{"line":85,"column":6},"end":{"line":85,"column":90}},"31":{"start":{"line":85,"column":81},"end":{"line":85,"column":90}},"32":{"start":{"line":87,"column":6},"end":{"line":87,"column":83}},"33":{"start":{"line":87,"column":79},"end":{"line":87,"column":83}},"34":{"start":{"line":89,"column":6},"end":{"line":89,"column":10}},"35":{"start":{"line":93,"column":4},"end":{"line":97,"column":5}},"36":{"start":{"line":94,"column":6},"end":{"line":96,"column":17}},"37":{"start":{"line":94,"column":50},"end":{"line":94,"column":54}},"38":{"start":{"line":96,"column":11},"end":{"line":96,"column":17}},"39":{"start":{"line":99,"column":4},"end":{"line":99,"column":13}},"40":{"start":{"line":103,"column":15},"end":{"line":103,"column":25}},"41":{"start":{"line":105,"column":4},"end":{"line":120,"column":5}},"42":{"start":{"line":106,"column":6},"end":{"line":112,"column":7}},"43":{"start":{"line":107,"column":22},"end":{"line":107,"column":42}},"44":{"start":{"line":108,"column":8},"end":{"line":108,"column":42}},"45":{"start":{"line":109,"column":8},"end":{"line":109,"column":23}},"46":{"start":{"line":111,"column":8},"end":{"line":111,"column":20}},"47":{"start":{"line":114,"column":6},"end":{"line":119,"column":7}},"48":{"start":{"line":115,"column":8},"end":{"line":115,"column":19}},"49":{"start":{"line":116,"column":8},"end":{"line":116,"column":49}},"50":{"start":{"line":118,"column":8},"end":{"line":118,"column":20}},"51":{"start":{"line":124,"column":4},"end":{"line":124,"column":27}},"52":{"start":{"line":126,"column":38},"end":{"line":126,"column":74}},"53":{"start":{"line":128,"column":23},"end":{"line":128,"column":52}},"54":{"start":{"line":129,"column":20},"end":{"line":129,"column":45}},"55":{"start":{"line":131,"column":4},"end":{"line":136,"column":7}},"56":{"start":{"line":132,"column":6},"end":{"line":132,"column":80}},"57":{"start":{"line":133,"column":6},"end":{"line":133,"column":39}},"58":{"start":{"line":135,"column":6},"end":{"line":135,"column":33}},"59":{"start":{"line":138,"column":4},"end":{"line":138,"column":17}},"60":{"start":{"line":142,"column":22},"end":{"line":142,"column":32}},"61":{"start":{"line":143,"column":43},"end":{"line":143,"column":53}},"62":{"start":{"line":145,"column":20},"end":{"line":147,"column":6}},"63":{"start":{"line":149,"column":4},"end":{"line":168,"column":6}},"64":{"start":{"line":153,"column":28},"end":{"line":153,"column":47}},"65":{"start":{"line":172,"column":0},"end":{"line":172,"column":34}},"66":{"start":{"line":174,"column":0},"end":{"line":188,"column":2}},"67":{"start":{"line":190,"column":0},"end":{"line":198,"column":2}}},"fnMap":{"0":{"name":"escapeRegExp","decl":{"start":{"line":10,"column":9},"end":{"line":10,"column":21}},"loc":{"start":{"line":10,"column":27},"end":{"line":12,"column":1}}},"1":{"name":"isZero","decl":{"start":{"line":14,"column":9},"end":{"line":14,"column":15}},"loc":{"start":{"line":14,"column":23},"end":{"line":16,"column":1}}},"2":{"name":"(anonymous_2)","decl":{"start":{"line":19,"column":2},"end":{"line":19,"column":3}},"loc":{"start":{"line":19,"column":21},"end":{"line":27,"column":3}}},"3":{"name":"(anonymous_3)","decl":{"start":{"line":29,"column":2},"end":{"line":29,"column":3}},"loc":{"start":{"line":29,"column":39},"end":{"line":33,"column":3}}},"4":{"name":"(anonymous_4)","decl":{"start":{"line":35,"column":2},"end":{"line":35,"column":3}},"loc":{"start":{"line":35,"column":20},"end":{"line":38,"column":3}}},"5":{"name":"(anonymous_5)","decl":{"start":{"line":40,"column":2},"end":{"line":40,"column":3}},"loc":{"start":{"line":40,"column":21},"end":{"line":77,"column":3}}},"6":{"name":"(anonymous_6)","decl":{"start":{"line":79,"column":2},"end":{"line":79,"column":3}},"loc":{"start":{"line":79,"column":59},"end":{"line":100,"column":3}}},"7":{"name":"(anonymous_7)","decl":{"start":{"line":102,"column":2},"end":{"line":102,"column":3}},"loc":{"start":{"line":102,"column":29},"end":{"line":121,"column":3}}},"8":{"name":"(anonymous_8)","decl":{"start":{"line":123,"column":2},"end":{"line":123,"column":3}},"loc":{"start":{"line":123,"column":22},"end":{"line":139,"column":3}}},"9":{"name":"(anonymous_9)","decl":{"start":{"line":131,"column":45},"end":{"line":131,"column":46}},"loc":{"start":{"line":131,"column":51},"end":{"line":136,"column":5}}},"10":{"name":"(anonymous_10)","decl":{"start":{"line":141,"column":2},"end":{"line":141,"column":3}},"loc":{"start":{"line":141,"column":11},"end":{"line":169,"column":3}}},"11":{"name":"(anonymous_11)","decl":{"start":{"line":153,"column":15},"end":{"line":153,"column":16}},"loc":{"start":{"line":153,"column":26},"end":{"line":153,"column":49}}}},"branchMap":{"0":{"loc":{"start":{"line":15,"column":9},"end":{"line":15,"column":82}},"type":"binary-expr","locations":[{"start":{"line":15,"column":9},"end":{"line":15,"column":34}},{"start":{"line":15,"column":38},"end":{"line":15,"column":53}},{"start":{"line":15,"column":57},"end":{"line":15,"column":82}}]},"1":{"loc":{"start":{"line":37,"column":31},"end":{"line":37,"column":88}},"type":"cond-expr","locations":[{"start":{"line":37,"column":47},"end":{"line":37,"column":83}},{"start":{"line":37,"column":86},"end":{"line":37,"column":88}}]},"2":{"loc":{"start":{"line":37,"column":91},"end":{"line":37,"column":110}},"type":"cond-expr","locations":[{"start":{"line":37,"column":95},"end":{"line":37,"column":98}},{"start":{"line":37,"column":101},"end":{"line":37,"column":110}}]},"3":{"loc":{"start":{"line":43,"column":19},"end":{"line":45,"column":10}},"type":"cond-expr","locations":[{"start":{"line":44,"column":8},"end":{"line":44,"column":51}},{"start":{"line":45,"column":8},"end":{"line":45,"column":10}}]},"4":{"loc":{"start":{"line":43,"column":19},"end":{"line":43,"column":41}},"type":"binary-expr","locations":[{"start":{"line":43,"column":19},"end":{"line":43,"column":24}},{"start":{"line":43,"column":28},"end":{"line":43,"column":41}}]},"5":{"loc":{"start":{"line":47,"column":4},"end":{"line":47,"column":42}},"type":"if","locations":[{"start":{"line":47,"column":4},"end":{"line":47,"column":42}},{"start":{"line":47,"column":4},"end":{"line":47,"column":42}}]},"6":{"loc":{"start":{"line":51,"column":4},"end":{"line":53,"column":5}},"type":"if","locations":[{"start":{"line":51,"column":4},"end":{"line":53,"column":5}},{"start":{"line":51,"column":4},"end":{"line":53,"column":5}}]},"7":{"loc":{"start":{"line":51,"column":8},"end":{"line":51,"column":48}},"type":"binary-expr","locations":[{"start":{"line":51,"column":8},"end":{"line":51,"column":17}},{"start":{"line":51,"column":21},"end":{"line":51,"column":48}}]},"8":{"loc":{"start":{"line":62,"column":4},"end":{"line":67,"column":5}},"type":"if","locations":[{"start":{"line":62,"column":4},"end":{"line":67,"column":5}},{"start":{"line":62,"column":4},"end":{"line":67,"column":5}}]},"9":{"loc":{"start":{"line":71,"column":38},"end":{"line":71,"column":75}},"type":"binary-expr","locations":[{"start":{"line":71,"column":38},"end":{"line":71,"column":49}},{"start":{"line":71,"column":53},"end":{"line":71,"column":69}},{"start":{"line":71,"column":73},"end":{"line":71,"column":75}}]},"10":{"loc":{"start":{"line":85,"column":6},"end":{"line":85,"column":90}},"type":"if","locations":[{"start":{"line":85,"column":6},"end":{"line":85,"column":90}},{"start":{"line":85,"column":6},"end":{"line":85,"column":90}}]},"11":{"loc":{"start":{"line":85,"column":10},"end":{"line":85,"column":79}},"type":"binary-expr","locations":[{"start":{"line":85,"column":10},"end":{"line":85,"column":40}},{"start":{"line":85,"column":44},"end":{"line":85,"column":79}}]},"12":{"loc":{"start":{"line":87,"column":13},"end":{"line":87,"column":77}},"type":"binary-expr","locations":[{"start":{"line":87,"column":13},"end":{"line":87,"column":48}},{"start":{"line":87,"column":52},"end":{"line":87,"column":77}}]},"13":{"loc":{"start":{"line":93,"column":11},"end":{"line":93,"column":37}},"type":"binary-expr","locations":[{"start":{"line":93,"column":11},"end":{"line":93,"column":16}},{"start":{"line":93,"column":20},"end":{"line":93,"column":37}}]},"14":{"loc":{"start":{"line":94,"column":6},"end":{"line":96,"column":17}},"type":"if","locations":[{"start":{"line":94,"column":6},"end":{"line":96,"column":17}},{"start":{"line":94,"column":6},"end":{"line":96,"column":17}}]},"15":{"loc":{"start":{"line":105,"column":4},"end":{"line":120,"column":5}},"type":"if","locations":[{"start":{"line":105,"column":4},"end":{"line":120,"column":5}},{"start":{"line":105,"column":4},"end":{"line":120,"column":5}}]},"16":{"loc":{"start":{"line":106,"column":6},"end":{"line":112,"column":7}},"type":"if","locations":[{"start":{"line":106,"column":6},"end":{"line":112,"column":7}},{"start":{"line":106,"column":6},"end":{"line":112,"column":7}}]},"17":{"loc":{"start":{"line":114,"column":6},"end":{"line":119,"column":7}},"type":"if","locations":[{"start":{"line":114,"column":6},"end":{"line":119,"column":7}},{"start":{"line":114,"column":6},"end":{"line":119,"column":7}}]},"18":{"loc":{"start":{"line":114,"column":10},"end":{"line":114,"column":54}},"type":"binary-expr","locations":[{"start":{"line":114,"column":10},"end":{"line":114,"column":27}},{"start":{"line":114,"column":31},"end":{"line":114,"column":54}}]},"19":{"loc":{"start":{"line":151,"column":9},"end":{"line":151,"column":66}},"type":"binary-expr","locations":[{"start":{"line":151,"column":9},"end":{"line":151,"column":15}},{"start":{"line":151,"column":19},"end":{"line":151,"column":66}}]},"20":{"loc":{"start":{"line":156,"column":25},"end":{"line":156,"column":41}},"type":"cond-expr","locations":[{"start":{"line":156,"column":34},"end":{"line":156,"column":36}},{"start":{"line":156,"column":39},"end":{"line":156,"column":41}}]},"21":{"loc":{"start":{"line":157,"column":26},"end":{"line":157,"column":54}},"type":"cond-expr","locations":[{"start":{"line":157,"column":47},"end":{"line":157,"column":49}},{"start":{"line":157,"column":52},"end":{"line":157,"column":54}}]},"22":{"loc":{"start":{"line":162,"column":10},"end":{"line":165,"column":16}},"type":"binary-expr","locations":[{"start":{"line":162,"column":10},"end":{"line":162,"column":28}},{"start":{"line":163,"column":10},"end":{"line":165,"column":16}}]}},"s":{"0":3,"1":0,"2":0,"3":0,"4":0,"5":0,"6":0,"7":0,"8":0,"9":0,"10":0,"11":0,"12":0,"13":0,"14":0,"15":0,"16":0,"17":0,"18":0,"19":0,"20":0,"21":0,"22":0,"23":0,"24":0,"25":0,"26":0,"27":0,"28":0,"29":0,"30":0,"31":0,"32":0,"33":0,"34":0,"35":0,"36":0,"37":0,"38":0,"39":0,"40":0,"41":0,"42":0,"43":0,"44":0,"45":0,"46":0,"47":0,"48":0,"49":0,"50":0,"51":0,"52":0,"53":0,"54":0,"55":0,"56":0,"57":0,"58":0,"59":0,"60":0,"61":0,"62":0,"63":0,"64":0,"65":3,"66":3,"67":3},"f":{"0":0,"1":0,"2":0,"3":0,"4":0,"5":0,"6":0,"7":0,"8":0,"9":0,"10":0,"11":0},"b":{"0":[0,0,0],"1":[0,0],"2":[0,0],"3":[0,0],"4":[0,0],"5":[0,0],"6":[0,0],"7":[0,0],"8":[0,0],"9":[0,0,0],"10":[0,0],"11":[0,0],"12":[0,0],"13":[0,0],"14":[0,0],"15":[0,0],"16":[0,0],"17":[0,0],"18":[0,0],"19":[0,0],"20":[0,0],"21":[0,0],"22":[0,0]},"_coverageSchema":"332fd63041d2c1bcb487cc26dd0d5f7d97098a6c","hash":"54efb5e0ab77be440830dcbad520252fd1873b10"}
,"/home/spirade/WebstormProjects/wfm-reborn/client/scripts/components/UI/Input/InputText/InputText.jsx": {"path":"/home/spirade/WebstormProjects/wfm-reborn/client/scripts/components/UI/Input/InputText/InputText.jsx","statementMap":{"0":{"start":{"line":10,"column":11},"end":{"line":10,"column":34}},"1":{"start":{"line":12,"column":18},"end":{"line":64,"column":1}},"2":{"start":{"line":27,"column":18},"end":{"line":27,"column":29}},"3":{"start":{"line":29,"column":22},"end":{"line":32,"column":4}},"4":{"start":{"line":34,"column":23},"end":{"line":36,"column":4}},"5":{"start":{"line":37,"column":28},"end":{"line":39,"column":4}},"6":{"start":{"line":40,"column":28},"end":{"line":40,"column":65}},"7":{"start":{"line":42,"column":14},"end":{"line":42,"column":62}},"8":{"start":{"line":42,"column":40},"end":{"line":42,"column":59}},"9":{"start":{"line":44,"column":2},"end":{"line":63,"column":4}},"10":{"start":{"line":66,"column":0},"end":{"line":66,"column":36}},"11":{"start":{"line":68,"column":0},"end":{"line":88,"column":2}},"12":{"start":{"line":90,"column":0},"end":{"line":105,"column":2}}},"fnMap":{"0":{"name":"(anonymous_0)","decl":{"start":{"line":12,"column":18},"end":{"line":12,"column":19}},"loc":{"start":{"line":26,"column":6},"end":{"line":64,"column":1}}},"1":{"name":"(anonymous_1)","decl":{"start":{"line":42,"column":27},"end":{"line":42,"column":28}},"loc":{"start":{"line":42,"column":38},"end":{"line":42,"column":61}}}},"branchMap":{"0":{"loc":{"start":{"line":42,"column":14},"end":{"line":42,"column":62}},"type":"binary-expr","locations":[{"start":{"line":42,"column":14},"end":{"line":42,"column":22}},{"start":{"line":42,"column":27},"end":{"line":42,"column":61}}]},"1":{"loc":{"start":{"line":47,"column":9},"end":{"line":47,"column":61}},"type":"binary-expr","locations":[{"start":{"line":47,"column":9},"end":{"line":47,"column":13}},{"start":{"line":47,"column":17},"end":{"line":47,"column":61}}]},"2":{"loc":{"start":{"line":54,"column":25},"end":{"line":54,"column":63}},"type":"cond-expr","locations":[{"start":{"line":54,"column":56},"end":{"line":54,"column":58}},{"start":{"line":54,"column":61},"end":{"line":54,"column":63}}]},"3":{"loc":{"start":{"line":54,"column":25},"end":{"line":54,"column":53}},"type":"binary-expr","locations":[{"start":{"line":54,"column":25},"end":{"line":54,"column":29}},{"start":{"line":54,"column":33},"end":{"line":54,"column":53}}]},"4":{"loc":{"start":{"line":55,"column":26},"end":{"line":55,"column":65}},"type":"cond-expr","locations":[{"start":{"line":55,"column":58},"end":{"line":55,"column":60}},{"start":{"line":55,"column":63},"end":{"line":55,"column":65}}]},"5":{"loc":{"start":{"line":55,"column":26},"end":{"line":55,"column":55}},"type":"binary-expr","locations":[{"start":{"line":55,"column":26},"end":{"line":55,"column":30}},{"start":{"line":55,"column":34},"end":{"line":55,"column":55}}]},"6":{"loc":{"start":{"line":60,"column":9},"end":{"line":60,"column":91}},"type":"binary-expr","locations":[{"start":{"line":60,"column":9},"end":{"line":60,"column":16}},{"start":{"line":60,"column":20},"end":{"line":60,"column":91}}]}},"s":{"0":6,"1":6,"2":46,"3":46,"4":46,"5":46,"6":46,"7":46,"8":0,"9":46,"10":6,"11":6,"12":6},"f":{"0":46,"1":0},"b":{"0":[46,0],"1":[46,2],"2":[1,45],"3":[46,2],"4":[1,45],"5":[46,2],"6":[46,2]},"_coverageSchema":"332fd63041d2c1bcb487cc26dd0d5f7d97098a6c","hash":"55584c0fb78c83a65abf9d0a69238746a0ce3d82"}
,"/home/spirade/WebstormProjects/wfm-reborn/client/scripts/components/UI/Label/Label.jsx": {"path":"/home/spirade/WebstormProjects/wfm-reborn/client/scripts/components/UI/Label/Label.jsx","statementMap":{"0":{"start":{"line":6,"column":11},"end":{"line":6,"column":34}},"1":{"start":{"line":8,"column":14},"end":{"line":16,"column":1}},"2":{"start":{"line":9,"column":18},"end":{"line":9,"column":40}},"3":{"start":{"line":11,"column":2},"end":{"line":15,"column":4}},"4":{"start":{"line":18,"column":0},"end":{"line":18,"column":28}},"5":{"start":{"line":20,"column":0},"end":{"line":25,"column":2}},"6":{"start":{"line":27,"column":0},"end":{"line":32,"column":2}}},"fnMap":{"0":{"name":"(anonymous_0)","decl":{"start":{"line":8,"column":14},"end":{"line":8,"column":15}},"loc":{"start":{"line":8,"column":56},"end":{"line":16,"column":1}}}},"branchMap":{},"s":{"0":4,"1":4,"2":8,"3":8,"4":4,"5":4,"6":4},"f":{"0":8},"b":{},"_coverageSchema":"332fd63041d2c1bcb487cc26dd0d5f7d97098a6c","hash":"021dcad9a193c49800dc00441ea4814c5eb672dc"}
,"/home/spirade/WebstormProjects/wfm-reborn/client/scripts/components/UI/Modal/Modal.jsx": {"path":"/home/spirade/WebstormProjects/wfm-reborn/client/scripts/components/UI/Modal/Modal.jsx","statementMap":{"0":{"start":{"line":8,"column":14},"end":{"line":40,"column":1}},"1":{"start":{"line":18,"column":2},"end":{"line":39,"column":17}},"2":{"start":{"line":42,"column":0},"end":{"line":42,"column":28}},"3":{"start":{"line":44,"column":0},"end":{"line":53,"column":2}},"4":{"start":{"line":55,"column":0},"end":{"line":64,"column":2}},"5":{"start":{"line":66,"column":0},"end":{"line":96,"column":2}}},"fnMap":{"0":{"name":"(anonymous_0)","decl":{"start":{"line":8,"column":14},"end":{"line":8,"column":15}},"loc":{"start":{"line":18,"column":2},"end":{"line":39,"column":17}}}},"branchMap":{"0":{"loc":{"start":{"line":21,"column":62},"end":{"line":21,"column":82}},"type":"binary-expr","locations":[{"start":{"line":21,"column":62},"end":{"line":21,"column":76}},{"start":{"line":21,"column":80},"end":{"line":21,"column":82}}]},"1":{"loc":{"start":{"line":29,"column":53},"end":{"line":29,"column":72}},"type":"binary-expr","locations":[{"start":{"line":29,"column":53},"end":{"line":29,"column":66}},{"start":{"line":29,"column":70},"end":{"line":29,"column":72}}]},"2":{"loc":{"start":{"line":32,"column":8},"end":{"line":35,"column":14}},"type":"binary-expr","locations":[{"start":{"line":32,"column":8},"end":{"line":32,"column":18}},{"start":{"line":33,"column":8},"end":{"line":35,"column":14}}]}},"s":{"0":4,"1":3,"2":4,"3":4,"4":4,"5":4},"f":{"0":3},"b":{"0":[3,0],"1":[3,0],"2":[3,3]},"_coverageSchema":"332fd63041d2c1bcb487cc26dd0d5f7d97098a6c","hash":"861c2bc3a32d3f783344d0488058aa010d5128cf"}
,"/home/spirade/WebstormProjects/wfm-reborn/client/scripts/components/UI/Notification/Notification.jsx": {"path":"/home/spirade/WebstormProjects/wfm-reborn/client/scripts/components/UI/Notification/Notification.jsx","statementMap":{"0":{"start":{"line":8,"column":11},"end":{"line":8,"column":34}},"1":{"start":{"line":10,"column":21},"end":{"line":23,"column":1}},"2":{"start":{"line":11,"column":18},"end":{"line":15,"column":4}},"3":{"start":{"line":17,"column":2},"end":{"line":22,"column":4}},"4":{"start":{"line":25,"column":0},"end":{"line":25,"column":42}},"5":{"start":{"line":27,"column":0},"end":{"line":33,"column":2}},"6":{"start":{"line":35,"column":0},"end":{"line":41,"column":2}}},"fnMap":{"0":{"name":"(anonymous_0)","decl":{"start":{"line":10,"column":21},"end":{"line":10,"column":22}},"loc":{"start":{"line":10,"column":115},"end":{"line":23,"column":1}}}},"branchMap":{"0":{"loc":{"start":{"line":10,"column":24},"end":{"line":10,"column":37}},"type":"default-arg","locations":[{"start":{"line":10,"column":31},"end":{"line":10,"column":37}}]},"1":{"loc":{"start":{"line":10,"column":60},"end":{"line":10,"column":78}},"type":"default-arg","locations":[{"start":{"line":10,"column":73},"end":{"line":10,"column":78}}]},"2":{"loc":{"start":{"line":10,"column":80},"end":{"line":10,"column":108}},"type":"default-arg","locations":[{"start":{"line":10,"column":90},"end":{"line":10,"column":108}}]},"3":{"loc":{"start":{"line":19,"column":7},"end":{"line":19,"column":99}},"type":"binary-expr","locations":[{"start":{"line":19,"column":7},"end":{"line":19,"column":17}},{"start":{"line":19,"column":21},"end":{"line":19,"column":99}}]}},"s":{"0":4,"1":4,"2":8,"3":8,"4":4,"5":4,"6":4},"f":{"0":8},"b":{"0":[0],"1":[0],"2":[0],"3":[8,2]},"_coverageSchema":"332fd63041d2c1bcb487cc26dd0d5f7d97098a6c","hash":"bd0f3260537a820656c2eb844144e75cef6d5ba7"}
,"/home/spirade/WebstormProjects/wfm-reborn/client/scripts/components/UI/Radio/Radio.jsx": {"path":"/home/spirade/WebstormProjects/wfm-reborn/client/scripts/components/UI/Radio/Radio.jsx","statementMap":{"0":{"start":{"line":6,"column":11},"end":{"line":6,"column":34}},"1":{"start":{"line":10,"column":4},"end":{"line":10,"column":17}},"2":{"start":{"line":12,"column":4},"end":{"line":12,"column":53}},"3":{"start":{"line":16,"column":41},"end":{"line":16,"column":51}},"4":{"start":{"line":18,"column":4},"end":{"line":20,"column":5}},"5":{"start":{"line":19,"column":6},"end":{"line":19,"column":43}},"6":{"start":{"line":24,"column":84},"end":{"line":24,"column":94}},"7":{"start":{"line":25,"column":18},"end":{"line":25,"column":20}},"8":{"start":{"line":27,"column":4},"end":{"line":33,"column":5}},"9":{"start":{"line":28,"column":6},"end":{"line":28,"column":30}},"10":{"start":{"line":29,"column":11},"end":{"line":33,"column":5}},"11":{"start":{"line":30,"column":6},"end":{"line":30,"column":28}},"12":{"start":{"line":32,"column":6},"end":{"line":32,"column":44}},"13":{"start":{"line":35,"column":25},"end":{"line":35,"column":52}},"14":{"start":{"line":37,"column":4},"end":{"line":49,"column":6}},"15":{"start":{"line":53,"column":0},"end":{"line":53,"column":28}},"16":{"start":{"line":55,"column":0},"end":{"line":64,"column":2}},"17":{"start":{"line":66,"column":0},"end":{"line":74,"column":2}}},"fnMap":{"0":{"name":"(anonymous_0)","decl":{"start":{"line":9,"column":2},"end":{"line":9,"column":3}},"loc":{"start":{"line":9,"column":21},"end":{"line":13,"column":3}}},"1":{"name":"(anonymous_1)","decl":{"start":{"line":15,"column":2},"end":{"line":15,"column":3}},"loc":{"start":{"line":15,"column":22},"end":{"line":21,"column":3}}},"2":{"name":"(anonymous_2)","decl":{"start":{"line":23,"column":2},"end":{"line":23,"column":3}},"loc":{"start":{"line":23,"column":11},"end":{"line":50,"column":3}}}},"branchMap":{"0":{"loc":{"start":{"line":18,"column":4},"end":{"line":20,"column":5}},"type":"if","locations":[{"start":{"line":18,"column":4},"end":{"line":20,"column":5}},{"start":{"line":18,"column":4},"end":{"line":20,"column":5}}]},"1":{"loc":{"start":{"line":18,"column":8},"end":{"line":18,"column":29}},"type":"binary-expr","locations":[{"start":{"line":18,"column":8},"end":{"line":18,"column":16}},{"start":{"line":18,"column":20},"end":{"line":18,"column":29}}]},"2":{"loc":{"start":{"line":27,"column":4},"end":{"line":33,"column":5}},"type":"if","locations":[{"start":{"line":27,"column":4},"end":{"line":33,"column":5}},{"start":{"line":27,"column":4},"end":{"line":33,"column":5}}]},"3":{"loc":{"start":{"line":27,"column":8},"end":{"line":27,"column":49}},"type":"binary-expr","locations":[{"start":{"line":27,"column":8},"end":{"line":27,"column":36}},{"start":{"line":27,"column":40},"end":{"line":27,"column":49}}]},"4":{"loc":{"start":{"line":29,"column":11},"end":{"line":33,"column":5}},"type":"if","locations":[{"start":{"line":29,"column":11},"end":{"line":33,"column":5}},{"start":{"line":29,"column":11},"end":{"line":33,"column":5}}]},"5":{"loc":{"start":{"line":42,"column":10},"end":{"line":44,"column":18}},"type":"cond-expr","locations":[{"start":{"line":43,"column":14},"end":{"line":43,"column":58}},{"start":{"line":44,"column":14},"end":{"line":44,"column":18}}]}},"s":{"0":5,"1":1,"2":1,"3":0,"4":0,"5":0,"6":1,"7":1,"8":1,"9":1,"10":0,"11":0,"12":0,"13":1,"14":1,"15":5,"16":5,"17":5},"f":{"0":1,"1":0,"2":1},"b":{"0":[0,0],"1":[0,0],"2":[1,0],"3":[1,1],"4":[0,0],"5":[0,1]},"_coverageSchema":"332fd63041d2c1bcb487cc26dd0d5f7d97098a6c","hash":"21281f23dbe0a5333b330d9f95d5b634062ec916"}
,"/home/spirade/WebstormProjects/wfm-reborn/client/scripts/components/UI/RadioGroup/RadioGroup.jsx": {"path":"/home/spirade/WebstormProjects/wfm-reborn/client/scripts/components/UI/RadioGroup/RadioGroup.jsx","statementMap":{"0":{"start":{"line":6,"column":11},"end":{"line":6,"column":34}},"1":{"start":{"line":10,"column":4},"end":{"line":10,"column":17}},"2":{"start":{"line":12,"column":4},"end":{"line":14,"column":6}},"3":{"start":{"line":16,"column":4},"end":{"line":16,"column":63}},"4":{"start":{"line":20,"column":29},"end":{"line":20,"column":39}},"5":{"start":{"line":22,"column":4},"end":{"line":25,"column":5}},"6":{"start":{"line":23,"column":6},"end":{"line":23,"column":45}},"7":{"start":{"line":24,"column":6},"end":{"line":24,"column":33}},"8":{"start":{"line":29,"column":29},"end":{"line":29,"column":39}},"9":{"start":{"line":30,"column":25},"end":{"line":30,"column":35}},"10":{"start":{"line":32,"column":4},"end":{"line":43,"column":7}},"11":{"start":{"line":33,"column":48},"end":{"line":33,"column":59}},"12":{"start":{"line":35,"column":24},"end":{"line":35,"column":74}},"13":{"start":{"line":37,"column":6},"end":{"line":42,"column":9}},"14":{"start":{"line":47,"column":22},"end":{"line":47,"column":32}},"15":{"start":{"line":49,"column":20},"end":{"line":51,"column":6}},"16":{"start":{"line":53,"column":29},"end":{"line":53,"column":50}},"17":{"start":{"line":55,"column":4},"end":{"line":59,"column":6}},"18":{"start":{"line":63,"column":0},"end":{"line":63,"column":38}},"19":{"start":{"line":65,"column":0},"end":{"line":70,"column":2}},"20":{"start":{"line":72,"column":0},"end":{"line":77,"column":2}}},"fnMap":{"0":{"name":"(anonymous_0)","decl":{"start":{"line":9,"column":2},"end":{"line":9,"column":3}},"loc":{"start":{"line":9,"column":21},"end":{"line":17,"column":3}}},"1":{"name":"(anonymous_1)","decl":{"start":{"line":19,"column":2},"end":{"line":19,"column":3}},"loc":{"start":{"line":19,"column":36},"end":{"line":26,"column":3}}},"2":{"name":"(anonymous_2)","decl":{"start":{"line":28,"column":2},"end":{"line":28,"column":3}},"loc":{"start":{"line":28,"column":19},"end":{"line":44,"column":3}}},"3":{"name":"(anonymous_3)","decl":{"start":{"line":32,"column":24},"end":{"line":32,"column":25}},"loc":{"start":{"line":32,"column":40},"end":{"line":43,"column":5}}},"4":{"name":"(anonymous_4)","decl":{"start":{"line":46,"column":2},"end":{"line":46,"column":3}},"loc":{"start":{"line":46,"column":11},"end":{"line":60,"column":3}}}},"branchMap":{"0":{"loc":{"start":{"line":22,"column":4},"end":{"line":25,"column":5}},"type":"if","locations":[{"start":{"line":22,"column":4},"end":{"line":25,"column":5}},{"start":{"line":22,"column":4},"end":{"line":25,"column":5}}]},"1":{"loc":{"start":{"line":22,"column":8},"end":{"line":22,"column":41}},"type":"binary-expr","locations":[{"start":{"line":22,"column":8},"end":{"line":22,"column":30}},{"start":{"line":22,"column":34},"end":{"line":22,"column":41}}]},"2":{"loc":{"start":{"line":35,"column":24},"end":{"line":35,"column":74}},"type":"binary-expr","locations":[{"start":{"line":35,"column":24},"end":{"line":35,"column":31}},{"start":{"line":35,"column":35},"end":{"line":35,"column":49}},{"start":{"line":35,"column":53},"end":{"line":35,"column":74}}]}},"s":{"0":4,"1":1,"2":1,"3":1,"4":0,"5":0,"6":0,"7":0,"8":1,"9":1,"10":1,"11":2,"12":2,"13":2,"14":1,"15":1,"16":1,"17":1,"18":4,"19":4,"20":4},"f":{"0":1,"1":0,"2":1,"3":2,"4":1},"b":{"0":[0,0],"1":[0,0],"2":[2,2,2]},"_coverageSchema":"332fd63041d2c1bcb487cc26dd0d5f7d97098a6c","hash":"cdbe02d665bd2c61fe310386adfe462f400593ee"}
[...]
lumn":21},"end":{"line":25,"column":3}}},"1":{"name":"(anonymous_1)","decl":{"start":{"line":27,"column":2},"end":{"line":27,"column":3}},"loc":{"start":{"line":27,"column":23},"end":{"line":31,"column":3}}},"2":{"name":"(anonymous_2)","decl":{"start":{"line":33,"column":2},"end":{"line":33,"column":3}},"loc":{"start":{"line":33,"column":22},"end":{"line":37,"column":3}}},"3":{"name":"(anonymous_3)","decl":{"start":{"line":36,"column":7},"end":{"line":36,"column":8}},"loc":{"start":{"line":36,"column":13},"end":{"line":36,"column":39}}},"4":{"name":"(anonymous_4)","decl":{"start":{"line":39,"column":2},"end":{"line":39,"column":3}},"loc":{"start":{"line":39,"column":31},"end":{"line":47,"column":3}}},"5":{"name":"(anonymous_5)","decl":{"start":{"line":49,"column":2},"end":{"line":49,"column":3}},"loc":{"start":{"line":49,"column":14},"end":{"line":63,"column":3}}},"6":{"name":"(anonymous_6)","decl":{"start":{"line":65,"column":2},"end":{"line":65,"column":3}},"loc":{"start":{"line":65,"column":18},"end":{"line":83,"column":3}}},"7":{"name":"(anonymous_7)","decl":{"start":{"line":69,"column":23},"end":{"line":69,"column":24}},"loc":{"start":{"line":69,"column":42},"end":{"line":82,"column":5}}},"8":{"name":"(anonymous_8)","decl":{"start":{"line":85,"column":2},"end":{"line":85,"column":3}},"loc":{"start":{"line":85,"column":11},"end":{"line":124,"column":3}}},"9":{"name":"(anonymous_9)","decl":{"start":{"line":90,"column":22},"end":{"line":90,"column":23}},"loc":{"start":{"line":90,"column":32},"end":{"line":90,"column":62}}}},"branchMap":{"0":{"loc":{"start":{"line":52,"column":4},"end":{"line":52,"column":29}},"type":"if","locations":[{"start":{"line":52,"column":4},"end":{"line":52,"column":29}},{"start":{"line":52,"column":4},"end":{"line":52,"column":29}}]},"1":{"loc":{"start":{"line":89,"column":18},"end":{"line":91,"column":19}},"type":"cond-expr","locations":[{"start":{"line":90,"column":8},"end":{"line":90,"column":84}},{"start":{"line":91,"column":8},"end":{"line":91,"column":19}}]},"2":{"loc":{"start":{"line":90,"column":8},"end":{"line":90,"column":84}},"type":"binary-expr","locations":[{"start":{"line":90,"column":8},"end":{"line":90,"column":69}},{"start":{"line":90,"column":73},"end":{"line":90,"column":84}}]},"3":{"loc":{"start":{"line":101,"column":19},"end":{"line":101,"column":48}},"type":"binary-expr","locations":[{"start":{"line":101,"column":19},"end":{"line":101,"column":33}},{"start":{"line":101,"column":37},"end":{"line":101,"column":48}}]},"4":{"loc":{"start":{"line":114,"column":14},"end":{"line":116,"column":59}},"type":"cond-expr","locations":[{"start":{"line":115,"column":16},"end":{"line":115,"column":57}},{"start":{"line":116,"column":16},"end":{"line":116,"column":59}}]},"5":{"loc":{"start":{"line":121,"column":9},"end":{"line":121,"column":67}},"type":"binary-expr","locations":[{"start":{"line":121,"column":9},"end":{"line":121,"column":16}},{"start":{"line":121,"column":20},"end":{"line":121,"column":67}}]}},"s":{"0":3,"1":8,"2":8,"3":8,"4":8,"5":0,"6":1,"7":1,"8":4,"9":4,"10":4,"11":12,"12":12,"13":9,"14":3,"15":3,"16":3,"17":3,"18":3,"19":15,"20":15,"21":15,"22":12,"23":12,"24":12,"25":2,"26":12,"27":12,"28":12,"29":12,"30":12,"31":12,"32":3,"33":3,"34":3},"f":{"0":8,"1":0,"2":1,"3":1,"4":4,"5":12,"6":3,"7":15,"8":12,"9":2},"b":{"0":[9,3],"1":[2,10],"2":[2,0],"3":[12,10],"4":[3,9],"5":[12,0]},"_coverageSchema":"332fd63041d2c1bcb487cc26dd0d5f7d97098a6c","hash":"8e55a93809d82eaebe3572229ecaef0f2956cd2b"}
,"/home/spirade/WebstormProjects/wfm-reborn/client/scripts/components/UI/Select/Option/Option.jsx": {"path":"/home/spirade/WebstormProjects/wfm-reborn/client/scripts/components/UI/Select/Option/Option.jsx","statementMap":{"0":{"start":{"line":8,"column":11},"end":{"line":8,"column":34}},"1":{"start":{"line":12,"column":4},"end":{"line":12,"column":17}},"2":{"start":{"line":14,"column":4},"end":{"line":14,"column":51}},"3":{"start":{"line":18,"column":4},"end":{"line":18,"column":27}},"4":{"start":{"line":20,"column":34},"end":{"line":20,"column":44}},"5":{"start":{"line":22,"column":4},"end":{"line":22,"column":30}},"6":{"start":{"line":26,"column":35},"end":{"line":26,"column":45}},"7":{"start":{"line":28,"column":20},"end":{"line":30,"column":6}},"8":{"start":{"line":32,"column":22},"end":{"line":32,"column":28}},"9":{"start":{"line":34,"column":4},"end":{"line":42,"column":6}},"10":{"start":{"line":46,"column":0},"end":{"line":46,"column":30}},"11":{"start":{"line":48,"column":0},"end":{"line":55,"column":2}},"12":{"start":{"line":57,"column":0},"end":{"line":70,"column":2}}},"fnMap":{"0":{"name":"(anonymous_0)","decl":{"start":{"line":11,"column":2},"end":{"line":11,"column":3}},"loc":{"start":{"line":11,"column":21},"end":{"line":15,"column":3}}},"1":{"name":"(anonymous_1)","decl":{"start":{"line":17,"column":2},"end":{"line":17,"column":3}},"loc":{"start":{"line":17,"column":21},"end":{"line":23,"column":3}}},"2":{"name":"(anonymous_2)","decl":{"start":{"line":25,"column":2},"end":{"line":25,"column":3}},"loc":{"start":{"line":25,"column":11},"end":{"line":43,"column":3}}}},"branchMap":{"0":{"loc":{"start":{"line":40,"column":10},"end":{"line":40,"column":66}},"type":"binary-expr","locations":[{"start":{"line":40,"column":10},"end":{"line":40,"column":20}},{"start":{"line":40,"column":24},"end":{"line":40,"column":66}}]}},"s":{"0":3,"1":9,"2":9,"3":2,"4":2,"5":2,"6":9,"7":9,"8":9,"9":9,"10":3,"11":3,"12":3},"f":{"0":9,"1":2,"2":9},"b":{"0":[9,1]},"_coverageSchema":"332fd63041d2c1bcb487cc26dd0d5f7d97098a6c","hash":"77a0d332fe0dd61a8ad5b47a9e8e66cedaea30b4"}
,"/home/spirade/WebstormProjects/wfm-reborn/client/scripts/components/UI/Spinner/Spinner.jsx": {"path":"/home/spirade/WebstormProjects/wfm-reborn/client/scripts/components/UI/Spinner/Spinner.jsx","statementMap":{"0":{"start":{"line":10,"column":11},"end":{"line":10,"column":34}},"1":{"start":{"line":12,"column":16},"end":{"line":32,"column":1}},"2":{"start":{"line":13,"column":17},"end":{"line":18,"column":8}},"3":{"start":{"line":20,"column":25},"end":{"line":20,"column":59}},"4":{"start":{"line":21,"column":24},"end":{"line":23,"column":4}},"5":{"start":{"line":25,"column":2},"end":{"line":31,"column":4}},"6":{"start":{"line":34,"column":0},"end":{"line":34,"column":32}},"7":{"start":{"line":36,"column":0},"end":{"line":44,"column":2}},"8":{"start":{"line":46,"column":0},"end":{"line":52,"column":2}}},"fnMap":{"0":{"name":"(anonymous_0)","decl":{"start":{"line":12,"column":16},"end":{"line":12,"column":17}},"loc":{"start":{"line":12,"column":63},"end":{"line":32,"column":1}}}},"branchMap":{},"s":{"0":5,"1":5,"2":1,"3":1,"4":1,"5":1,"6":5,"7":5,"8":5},"f":{"0":1},"b":{},"_coverageSchema":"332fd63041d2c1bcb487cc26dd0d5f7d97098a6c","hash":"2dfc0049b92d314d3a5fb6d5234982ae8bc8b8d9"}
,"/home/spirade/WebstormProjects/wfm-reborn/client/scripts/components/UI/SubHeading/SubHeading.jsx": {"path":"/home/spirade/WebstormProjects/wfm-reborn/client/scripts/components/UI/SubHeading/SubHeading.jsx","statementMap":{"0":{"start":{"line":6,"column":19},"end":{"line":10,"column":1}},"1":{"start":{"line":7,"column":18},"end":{"line":7,"column":58}},"2":{"start":{"line":9,"column":2},"end":{"line":9,"column":59}},"3":{"start":{"line":12,"column":0},"end":{"line":12,"column":38}},"4":{"start":{"line":14,"column":0},"end":{"line":18,"column":2}},"5":{"start":{"line":20,"column":0},"end":{"line":24,"column":2}}},"fnMap":{"0":{"name":"(anonymous_0)","decl":{"start":{"line":6,"column":19},"end":{"line":6,"column":20}},"loc":{"start":{"line":6,"column":51},"end":{"line":10,"column":1}}}},"branchMap":{},"s":{"0":4,"1":1,"2":1,"3":4,"4":4,"5":4},"f":{"0":1},"b":{},"_coverageSchema":"332fd63041d2c1bcb487cc26dd0d5f7d97098a6c","hash":"883583ed6ecdaf4d1e06dab201ec430ed2ee8781"}
,"/home/spirade/WebstormProjects/wfm-reborn/client/scripts/components/UI/TextLink/TextLink.jsx": {"path":"/home/spirade/WebstormProjects/wfm-reborn/client/scripts/components/UI/TextLink/TextLink.jsx","statementMap":{"0":{"start":{"line":7,"column":11},"end":{"line":7,"column":34}},"1":{"start":{"line":9,"column":17},"end":{"line":24,"column":1}},"2":{"start":{"line":10,"column":18},"end":{"line":12,"column":4}},"3":{"start":{"line":14,"column":2},"end":{"line":23,"column":4}},"4":{"start":{"line":26,"column":0},"end":{"line":26,"column":34}},"5":{"start":{"line":28,"column":0},"end":{"line":35,"column":2}},"6":{"start":{"line":37,"column":0},"end":{"line":44,"column":2}}},"fnMap":{"0":{"name":"(anonymous_0)","decl":{"start":{"line":9,"column":17},"end":{"line":9,"column":18}},"loc":{"start":{"line":9,"column":74},"end":{"line":24,"column":1}}}},"branchMap":{"0":{"loc":{"start":{"line":19,"column":15},"end":{"line":19,"column":60}},"type":"cond-expr","locations":[{"start":{"line":19,"column":32},"end":{"line":19,"column":39}},{"start":{"line":19,"column":42},"end":{"line":19,"column":60}}]},"1":{"loc":{"start":{"line":19,"column":15},"end":{"line":19,"column":29}},"type":"binary-expr","locations":[{"start":{"line":19,"column":15},"end":{"line":19,"column":18}},{"start":{"line":19,"column":22},"end":{"line":19,"column":29}}]}},"s":{"0":4,"1":4,"2":1,"3":1,"4":4,"5":4,"6":4},"f":{"0":1},"b":{"0":[1,0],"1":[1,1]},"_coverageSchema":"332fd63041d2c1bcb487cc26dd0d5f7d97098a6c","hash":"ff346b8466a2acb707c3588c234c2cd84d3b31cf"}
,"/home/spirade/WebstormProjects/wfm-reborn/client/scripts/components/UI/ToggleButton/ToggleButton.jsx": {"path":"/home/spirade/WebstormProjects/wfm-reborn/client/scripts/components/UI/ToggleButton/ToggleButton.jsx","statementMap":{"0":{"start":{"line":6,"column":11},"end":{"line":6,"column":34}},"1":{"start":{"line":10,"column":4},"end":{"line":10,"column":17}},"2":{"start":{"line":12,"column":4},"end":{"line":14,"column":6}},"3":{"start":{"line":18,"column":4},"end":{"line":18,"column":27}},"4":{"start":{"line":20,"column":4},"end":{"line":22,"column":7}},"5":{"start":{"line":24,"column":4},"end":{"line":24,"column":30}},"6":{"start":{"line":32,"column":8},"end":{"line":32,"column":18}},"7":{"start":{"line":33,"column":30},"end":{"line":33,"column":40}},"8":{"start":{"line":35,"column":4},"end":{"line":62,"column":7}},"9":{"start":{"line":36,"column":31},"end":{"line":36,"column":37}},"10":{"start":{"line":38,"column":23},"end":{"line":38,"column":46}},"11":{"start":{"line":40,"column":22},"end":{"line":45,"column":8}},"12":{"start":{"line":47,"column":20},"end":{"line":49,"column":21}},"13":{"start":{"line":51,"column":6},"end":{"line":61,"column":8}},"14":{"start":{"line":66,"column":33},"end":{"line":66,"column":43}},"15":{"start":{"line":68,"column":28},"end":{"line":68,"column":48}},"16":{"start":{"line":70,"column":20},"end":{"line":70,"column":54}},"17":{"start":{"line":72,"column":4},"end":{"line":76,"column":6}},"18":{"start":{"line":80,"column":0},"end":{"line":80,"column":42}},"19":{"start":{"line":82,"column":0},"end":{"line":97,"column":2}},"20":{"start":{"line":99,"column":0},"end":{"line":108,"column":2}}},"fnMap":{"0":{"name":"(anonymous_0)","decl":{"start":{"line":9,"column":2},"end":{"line":9,"column":3}},"loc":{"start":{"line":9,"column":21},"end":{"line":15,"column":3}}},"1":{"name":"(anonymous_1)","decl":{"start":{"line":17,"column":2},"end":{"line":17,"column":3}},"loc":{"start":{"line":17,"column":34},"end":{"line":25,"column":3}}},"2":{"name":"(anonymous_2)","decl":{"start":{"line":27,"column":2},"end":{"line":27,"column":3}},"loc":{"start":{"line":27,"column":18},"end":{"line":63,"column":3}}},"3":{"name":"(anonymous_3)","decl":{"start":{"line":35,"column":23},"end":{"line":35,"column":24}},"loc":{"start":{"line":35,"column":42},"end":{"line":62,"column":5}}},"4":{"name":"(anonymous_4)","decl":{"start":{"line":65,"column":2},"end":{"line":65,"column":3}},"loc":{"start":{"line":65,"column":11},"end":{"line":77,"column":3}}}},"branchMap":{"0":{"loc":{"start":{"line":42,"column":35},"end":{"line":44,"column":17}},"type":"cond-expr","locations":[{"start":{"line":43,"column":12},"end":{"line":43,"column":35}},{"start":{"line":44,"column":12},"end":{"line":44,"column":17}}]},"1":{"loc":{"start":{"line":42,"column":35},"end":{"line":42,"column":70}},"type":"binary-expr","locations":[{"start":{"line":42,"column":35},"end":{"line":42,"column":43}},{"start":{"line":42,"column":47},"end":{"line":42,"column":70}}]},"2":{"loc":{"start":{"line":47,"column":20},"end":{"line":49,"column":21}},"type":"cond-expr","locations":[{"start":{"line":48,"column":10},"end":{"line":48,"column":52}},{"start":{"line":49,"column":10},"end":{"line":49,"column":21}}]}},"s":{"0":4,"1":1,"2":1,"3":0,"4":0,"5":0,"6":1,"7":1,"8":1,"9":3,"10":3,"11":3,"12":3,"13":3,"14":1,"15":1,"16":1,"17":1,"18":4,"19":4,"20":4},"f":{"0":1,"1":0,"2":1,"3":3,"4":1},"b":{"0":[0,3],"1":[3,0],"2":[0,3]},"_coverageSchema":"332fd63041d2c1bcb487cc26dd0d5f7d97098a6c","hash":"4a108d862105cab6beb287cba066e0213faf1d9c"}
,"/home/spirade/WebstormProjects/wfm-reborn/client/scripts/components/UI/Tooltip/Tooltip.jsx": {"path":"/home/spirade/WebstormProjects/wfm-reborn/client/scripts/components/UI/Tooltip/Tooltip.jsx","statementMap":{"0":{"start":{"line":7,"column":11},"end":{"line":7,"column":34}},"1":{"start":{"line":9,"column":16},"end":{"line":47,"column":1}},"2":{"start":{"line":20,"column":25},"end":{"line":20,"column":54}},"3":{"start":{"line":22,"column":25},"end":{"line":28,"column":4}},"4":{"start":{"line":30,"column":2},"end":{"line":46,"column":4}},"5":{"start":{"line":49,"column":0},"end":{"line":49,"column":32}},"6":{"start":{"line":51,"column":0},"end":{"line":60,"column":2}},"7":{"start":{"line":62,"column":0},"end":{"line":70,"column":2}}},"fnMap":{"0":{"name":"(anonymous_0)","decl":{"start":{"line":9,"column":16},"end":{"line":9,"column":17}},"loc":{"start":{"line":19,"column":6},"end":{"line":47,"column":1}}}},"branchMap":{"0":{"loc":{"start":{"line":10,"column":2},"end":{"line":10,"column":21}},"type":"default-arg","locations":[{"start":{"line":10,"column":14},"end":{"line":10,"column":21}}]},"1":{"loc":{"start":{"line":13,"column":2},"end":{"line":13,"column":12}},"type":"default-arg","locations":[{"start":{"line":13,"column":10},"end":{"line":13,"column":12}}]},"2":{"loc":{"start":{"line":37,"column":13},"end":{"line":37,"column":32}},"type":"binary-expr","locations":[{"start":{"line":37,"column":13},"end":{"line":37,"column":26}},{"start":{"line":37,"column":30},"end":{"line":37,"column":32}}]},"3":{"loc":{"start":{"line":40,"column":45},"end":{"line":40,"column":64}},"type":"binary-expr","locations":[{"start":{"line":40,"column":45},"end":{"line":40,"column":58}},{"start":{"line":40,"column":62},"end":{"line":40,"column":64}}]}},"s":{"0":4,"1":4,"2":1,"3":1,"4":1,"5":4,"6":4,"7":4},"f":{"0":1},"b":{"0":[0],"1":[0],"2":[1,0],"3":[1,0]},"_coverageSchema":"332fd63041d2c1bcb487cc26dd0d5f7d97098a6c","hash":"b16e94654b8a1b381036fc25733d6cda591f7b38"}
,"/home/spirade/WebstormProjects/wfm-reborn/client/scripts/utils/match.js": {"path":"/home/spirade/WebstormProjects/wfm-reborn/client/scripts/utils/match.js","statementMap":{"0":{"start":{"line":13,"column":4},"end":{"line":15,"column":14}},"1":{"start":{"line":18,"column":2},"end":{"line":22,"column":4}},"2":{"start":{"line":36,"column":13},"end":{"line":36,"column":26}},"3":{"start":{"line":37,"column":2},"end":{"line":39,"column":3}},"4":{"start":{"line":38,"column":4},"end":{"line":38,"column":19}},"5":{"start":{"line":41,"column":2},"end":{"line":41,"column":36}},"6":{"start":{"line":55,"column":2},"end":{"line":55,"column":79}},"7":{"start":{"line":55,"column":36},"end":{"line":55,"column":79}},"8":{"start":{"line":56,"column":2},"end":{"line":56,"column":87}},"9":{"start":{"line":56,"column":34},"end":{"line":56,"column":87}},"10":{"start":{"line":58,"column":2},"end":{"line":60,"column":10}}},"fnMap":{"0":{"name":"match","decl":{"start":{"line":11,"column":16},"end":{"line":11,"column":21}},"loc":{"start":{"line":11,"column":57},"end":{"line":23,"column":1}}},"1":{"name":"callOrReturn","decl":{"start":{"line":12,"column":11},"end":{"line":12,"column":23}},"loc":{"start":{"line":12,"column":31},"end":{"line":16,"column":3}}},"2":{"name":"matchType","decl":{"start":{"line":35,"column":16},"end":{"line":35,"column":25}},"loc":{"start":{"line":35,"column":61},"end":{"line":42,"column":1}}},"3":{"name":"matchStrict","decl":{"start":{"line":54,"column":16},"end":{"line":54,"column":27}},"loc":{"start":{"line":54,"column":51},"end":{"line":61,"column":1}}}},"branchMap":{"0":{"loc":{"start":{"line":11,"column":30},"end":{"line":11,"column":43}},"type":"default-arg","locations":[{"start":{"line":11,"column":41},"end":{"line":11,"column":43}}]},"1":{"loc":{"start":{"line":11,"column":45},"end":{"line":11,"column":55}},"type":"default-arg","locations":[{"start":{"line":11,"column":51},"end":{"line":11,"column":55}}]},"2":{"loc":{"start":{"line":13,"column":11},"end":{"line":15,"column":13}},"type":"cond-expr","locations":[{"start":{"line":14,"column":8},"end":{"line":14,"column":15}},{"start":{"line":15,"column":8},"end":{"line":15,"column":13}}]},"3":{"loc":{"start":{"line":19,"column":4},"end":{"line":21,"column":11}},"type":"cond-expr","locations":[{"start":{"line":20,"column":8},"end":{"line":20,"column":24}},{"start":{"line":21,"column":8},"end":{"line":21,"column":11}}]},"4":{"loc":{"start":{"line":35,"column":34},"end":{"line":35,"column":47}},"type":"default-arg","locations":[{"start":{"line":35,"column":45},"end":{"line":35,"column":47}}]},"5":{"loc":{"start":{"line":35,"column":49},"end":{"line":35,"column":59}},"type":"default-arg","locations":[{"start":{"line":35,"column":55},"end":{"line":35,"column":59}}]},"6":{"loc":{"start":{"line":37,"column":2},"end":{"line":39,"column":3}},"type":"if","locations":[{"start":{"line":37,"column":2},"end":{"line":39,"column":3}},{"start":{"line":37,"column":2},"end":{"line":39,"column":3}}]},"7":{"loc":{"start":{"line":55,"column":2},"end":{"line":55,"column":79}},"type":"if","locations":[{"start":{"line":55,"column":2},"end":{"line":55,"column":79}},{"start":{"line":55,"column":2},"end":{"line":55,"column":79}}]},"8":{"loc":{"start":{"line":56,"column":2},"end":{"line":56,"column":87}},"type":"if","locations":[{"start":{"line":56,"column":2},"end":{"line":56,"column":87}},{"start":{"line":56,"column":2},"end":{"line":56,"column":87}}]},"9":{"loc":{"start":{"line":58,"column":9},"end":{"line":60,"column":9}},"type":"cond-expr","locations":[{"start":{"line":59,"column":6},"end":{"line":59,"column":22}},{"start":{"line":60,"column":6},"end":{"line":60,"column":9}}]}},"s":{"0":1,"1":1,"2":0,"3":0,"4":0,"5":0,"6":12,"7":0,"8":12,"9":0,"10":12},"f":{"0":1,"1":1,"2":0,"3":12},"b":{"0":[0],"1":[0],"2":[0,1],"3":[1,0],"4":[0],"5":[0],"6":[0,0],"7":[0,12],"8":[0,12],"9":[7,5]},"_coverageSchema":"332fd63041d2c1bcb487cc26dd0d5f7d97098a6c","hash":"1b546eef3599c7e6492211562179b41fbbd9fd95"}
,"/home/spirade/WebstormProjects/wfm-reborn/test/jestsetup.js": {"path":"/home/spirade/WebstormProjects/wfm-reborn/test/jestsetup.js","statementMap":{"0":{"start":{"line":3,"column":0},"end":{"line":3,"column":25}},"1":{"start":{"line":4,"column":0},"end":{"line":4,"column":23}},"2":{"start":{"line":5,"column":0},"end":{"line":5,"column":21}},"3":{"start":{"line":8,"column":0},"end":{"line":12,"column":2}},"4":{"start":{"line":9,"column":2},"end":{"line":11,"column":3}},"5":{"start":{"line":10,"column":4},"end":{"line":10,"column":29}}},"fnMap":{"0":{"name":"(anonymous_0)","decl":{"start":{"line":8,"column":16},"end":{"line":8,"column":17}},"loc":{"start":{"line":8,"column":27},"end":{"line":12,"column":1}}}},"branchMap":{"0":{"loc":{"start":{"line":9,"column":2},"end":{"line":11,"column":3}},"type":"if","locations":[{"start":{"line":9,"column":2},"end":{"line":11,"column":3}},{"start":{"line":9,"column":2},"end":{"line":11,"column":3}}]}},"s":{"0":22,"1":22,"2":22,"3":22,"4":0,"5":0},"f":{"0":0},"b":{"0":[0,0]},"_coverageSchema":"332fd63041d2c1bcb487cc26dd0d5f7d97098a6c","hash":"cb5443c4005a2ce65ef537744ba8a95564f962b9"}
}
