TN:
SF:/home/spirade/WebstormProjects/wfm-reborn/client/scripts/components/UI/index.js
FNF:0
FNH:0
LF:0
LH:0
BRF:0
BRH:0
end_of_record
TN:
SF:/home/spirade/WebstormProjects/wfm-reborn/client/scripts/components/UI/Button/Button.jsx
FN:12,(anonymous_0)
FN:73,(anonymous_1)
FNF:2
FNH:2
FNDA:15,(anonymous_0)
FNDA:3,(anonymous_1)
DA:10,4
DA:12,4
DA:25,15
DA:32,15
DA:34,15
DA:35,2
DA:43,13
DA:44,2
DA:51,11
DA:68,13
DA:81,4
DA:83,4
DA:97,4
LF:13
LH:13
BRDA:26,0,0,15
BRDA:26,0,1,11
BRDA:34,1,0,2
BRDA:34,1,1,13
BRDA:36,2,0,2
BRDA:36,2,1,0
BRDA:36,3,0,2
BRDA:36,3,1,2
BRDA:43,4,0,2
BRDA:43,4,1,11
BRDA:54,5,0,2
BRDA:54,5,1,9
BRDA:54,6,0,11
BRDA:54,6,1,4
BRDA:60,7,0,2
BRDA:60,7,1,9
BRDA:60,8,0,11
BRDA:60,8,1,4
BRDA:72,9,0,13
BRDA:72,9,1,9
BRDA:73,10,0,6
BRDA:73,10,1,7
BRDA:73,11,0,13
BRDA:73,11,1,9
BRF:24
BRH:23
end_of_record
TN:
SF:/home/spirade/WebstormProjects/wfm-reborn/client/scripts/components/UI/CheckGroup/CheckGroup.jsx
FN:9,(anonymous_0)
FN:19,(anonymous_1)
FN:22,(anonymous_2)
FN:37,(anonymous_3)
FN:54,(anonymous_4)
FN:58,(anonymous_5)
FN:72,(anonymous_6)
FNF:7
FNH:7
FNDA:5,(anonymous_0)
FNDA:5,(anonymous_1)
FNDA:11,(anonymous_2)
FNDA:3,(anonymous_3)
FNDA:8,(anonymous_4)
FNDA:17,(anonymous_5)
FNDA:8,(anonymous_6)
DA:6,4
DA:10,5
DA:12,5
DA:16,5
DA:20,5
DA:22,5
DA:23,11
DA:24,11
DA:26,11
DA:27,11
DA:29,11
DA:30,2
DA:33,11
DA:38,3
DA:40,3
DA:41,2
DA:42,2
DA:44,1
DA:46,1
DA:49,3
DA:51,3
DA:55,8
DA:56,8
DA:58,8
DA:59,17
DA:61,17
DA:63,17
DA:73,8
DA:75,8
DA:79,8
DA:81,8
DA:89,4
DA:91,4
DA:98,4
LF:34
LH:34
BRDA:26,0,0,0
BRDA:26,0,1,11
BRDA:27,1,0,0
BRDA:27,1,1,11
BRDA:29,2,0,2
BRDA:29,2,1,9
BRDA:29,3,0,11
BRDA:29,3,1,9
BRDA:40,4,0,2
BRDA:40,4,1,1
BRDA:41,5,0,2
BRDA:41,5,1,0
BRDA:44,6,0,1
BRDA:44,6,1,0
BRDA:61,7,0,17
BRDA:61,7,1,15
BRF:16
BRH:12
end_of_record
TN:
SF:/home/spirade/WebstormProjects/wfm-reborn/client/scripts/components/UI/Checkbox/Checkbox.jsx
FN:9,(anonymous_0)
FN:15,(anonymous_1)
FN:23,(anonymous_2)
FNF:3
FNH:3
FNDA:6,(anonymous_0)
FNDA:5,(anonymous_1)
FNDA:12,(anonymous_2)
DA:6,5
DA:10,6
DA:12,6
DA:16,5
DA:18,5
DA:19,5
DA:33,12
DA:35,12
DA:37,12
DA:38,12
DA:40,0
DA:43,12
DA:45,12
DA:50,12
DA:71,5
DA:73,5
DA:85,5
LF:17
LH:16
BRDA:18,0,0,5
BRDA:18,0,1,0
BRDA:37,1,0,12
BRDA:37,1,1,0
BRDA:46,2,0,12
BRDA:46,2,1,7
BRDA:47,3,0,12
BRDA:47,3,1,7
BRDA:62,4,0,11
BRDA:62,4,1,1
BRF:10
BRH:8
end_of_record
TN:
SF:/home/spirade/WebstormProjects/wfm-reborn/client/scripts/components/UI/Field/Field.jsx
FN:16,(anonymous_0)
FNF:1
FNH:1
FNDA:12,(anonymous_0)
DA:14,3
DA:16,3
DA:29,12
DA:31,12
DA:35,12
DA:39,12
DA:48,12
DA:62,3
DA:64,3
DA:80,3
LF:10
LH:10
BRDA:17,0,0,0
BRDA:18,1,0,0
BRDA:53,2,0,2
BRDA:53,2,1,10
BRF:4
BRH:2
end_of_record
TN:
SF:/home/spirade/WebstormProjects/wfm-reborn/client/scripts/components/UI/Heading/Heading.jsx
FN:6,(anonymous_0)
FNF:1
FNH:1
FNDA:2,(anonymous_0)
DA:6,4
DA:7,2
DA:9,2
DA:12,4
DA:14,4
DA:20,4
LF:6
LH:6
BRF:0
BRH:0
end_of_record
TN:
SF:/home/spirade/WebstormProjects/wfm-reborn/client/scripts/components/UI/Hint/Hint.jsx
FN:10,(anonymous_0)
FN:21,(anonymous_1)
FN:27,(anonymous_2)
FN:33,(anonymous_3)
FN:39,(anonymous_4)
FNF:5
FNH:0
FNDA:0,(anonymous_0)
FNDA:0,(anonymous_1)
FNDA:0,(anonymous_2)
FNDA:0,(anonymous_3)
FNDA:0,(anonymous_4)
DA:7,4
DA:11,0
DA:13,0
DA:17,0
DA:18,0
DA:22,0
DA:28,0
DA:30,0
DA:34,0
DA:36,0
DA:40,0
DA:41,0
DA:43,0
DA:44,0
DA:48,0
DA:62,4
DA:64,4
DA:69,4
LF:18
LH:4
BRF:0
BRH:0
end_of_record
TN:
SF:/home/spirade/WebstormProjects/wfm-reborn/client/scripts/components/UI/Icon/Icon.jsx
FN:8,(anonymous_0)
FNF:1
FNH:1
FNDA:8,(anonymous_0)
DA:6,11
DA:8,11
DA:22,8
DA:24,8
DA:33,8
DA:48,11
DA:50,11
DA:74,11
LF:8
LH:8
BRDA:9,0,0,0
BRDA:10,1,0,0
BRDA:25,2,0,8
BRDA:25,2,1,0
BRDA:26,3,0,8
BRDA:26,3,1,0
BRDA:27,4,0,8
BRDA:27,4,1,0
BRF:8
BRH:3
end_of_record
TN:
SF:/home/spirade/WebstormProjects/wfm-reborn/client/scripts/components/UI/Input/InputCurrency/InputCurrency.jsx
FN:10,(anonymous_0)
FNF:1
FNH:1
FNDA:11,(anonymous_0)
DA:8,4
DA:10,4
DA:16,11
DA:18,11
DA:22,11
DA:44,4
DA:46,4
DA:52,4
LF:8
LH:8
BRDA:24,0,0,11
BRDA:24,0,1,11
BRDA:27,1,0,11
BRDA:27,1,1,0
BRDA:28,2,0,3
BRDA:28,2,1,8
BRDA:31,3,0,3
BRDA:31,3,1,8
BRDA:35,4,0,11
BRDA:35,4,1,3
BRF:10
BRH:9
end_of_record
TN:
SF:/home/spirade/WebstormProjects/wfm-reborn/client/scripts/components/UI/Input/InputNumber/InputNumber.jsx
FN:8,escapeRegExp
FN:13,(anonymous_1)
FN:23,(anonymous_2)
FN:29,(anonymous_3)
FN:49,(anonymous_4)
FN:54,(anonymous_5)
FN:77,(anonymous_6)
FN:100,(anonymous_7)
FN:109,(anonymous_8)
FN:118,(anonymous_9)
FN:141,(anonymous_10)
FN:166,(anonymous_11)
FN:185,(anonymous_12)
FN:193,(anonymous_13)
FN:203,(anonymous_14)
FN:217,(anonymous_15)
FNF:16
FNH:16
FNDA:27,escapeRegExp
FNDA:20,(anonymous_1)
FNDA:1,(anonymous_2)
FNDA:76,(anonymous_3)
FNDA:69,(anonymous_4)
FNDA:15,(anonymous_5)
FNDA:15,(anonymous_6)
FNDA:36,(anonymous_7)
FNDA:18,(anonymous_8)
FNDA:36,(anonymous_9)
FNDA:7,(anonymous_10)
FNDA:5,(anonymous_11)
FNDA:15,(anonymous_12)
FNDA:15,(anonymous_13)
FNDA:36,(anonymous_14)
FNDA:52,(anonymous_15)
DA:9,27
DA:14,20
DA:16,20
DA:20,20
DA:24,1
DA:30,76
DA:31,76
DA:32,23
DA:35,76
DA:36,29
DA:39,76
DA:40,0
DA:43,76
DA:50,69
DA:51,69
DA:55,15
DA:57,15
DA:59,15
DA:60,0
DA:62,0
DA:64,0
DA:68,15
DA:69,0
DA:71,0
DA:74,15
DA:78,15
DA:80,15
DA:81,15
DA:82,0
DA:83,0
DA:84,0
DA:86,0
DA:89,15
DA:90,15
DA:91,15
DA:93,15
DA:97,0
DA:101,36
DA:102,36
DA:104,36
DA:106,18
DA:110,18
DA:112,18
DA:119,36
DA:120,36
DA:122,36
DA:123,18
DA:126,18
DA:128,18
DA:129,11
DA:131,11
DA:135,7
DA:138,18
DA:142,7
DA:144,7
DA:146,7
DA:147,7
DA:149,7
DA:151,7
DA:152,2
DA:153,2
DA:154,2
DA:157,7
DA:158,6
DA:161,7
DA:163,7
DA:167,5
DA:169,5
DA:170,5
DA:172,5
DA:173,25
DA:174,25
DA:175,25
DA:179,5
DA:181,5
DA:186,15
DA:188,15
DA:190,15
DA:191,15
DA:193,15
DA:194,15
DA:195,15
DA:197,15
DA:200,15
DA:215,36
DA:217,52
DA:219,36
DA:233,5
DA:235,5
DA:250,5
LF:90
LH:79
BRDA:31,0,0,23
BRDA:31,0,1,53
BRDA:35,1,0,29
BRDA:35,1,1,47
BRDA:35,2,0,76
BRDA:35,2,1,29
BRDA:36,3,0,29
BRDA:36,3,1,0
BRDA:39,4,0,0
BRDA:39,4,1,76
BRDA:51,5,0,27
BRDA:51,5,1,42
BRDA:51,6,0,54
BRDA:51,6,1,15
BRDA:60,7,0,0
BRDA:60,7,1,0
BRDA:60,8,0,0
BRDA:60,8,1,0
BRDA:62,9,0,0
BRDA:62,9,1,0
BRDA:68,10,0,15
BRDA:68,10,1,0
BRDA:69,11,0,0
BRDA:69,11,1,0
BRDA:80,12,0,15
BRDA:80,12,1,0
BRDA:81,13,0,0
BRDA:81,13,1,15
BRDA:89,14,0,15
BRDA:89,14,1,0
BRDA:89,15,0,15
BRDA:89,15,1,15
BRDA:102,16,0,20
BRDA:102,16,1,16
BRDA:104,17,0,18
BRDA:104,17,1,18
BRDA:104,18,0,36
BRDA:104,18,1,20
BRDA:122,19,0,18
BRDA:122,19,1,18
BRDA:128,20,0,11
BRDA:128,20,1,7
BRDA:128,21,0,18
BRDA:128,21,1,11
BRDA:131,22,0,5
BRDA:131,22,1,6
BRDA:151,23,0,2
BRDA:151,23,1,5
BRDA:151,24,0,7
BRDA:151,24,1,2
BRDA:157,25,0,6
BRDA:157,25,1,1
BRDA:161,26,0,7
BRDA:161,26,1,2
BRDA:161,26,2,5
BRDA:173,27,0,25
BRDA:173,27,1,0
BRDA:182,28,0,4
BRDA:182,28,1,1
BRDA:217,29,0,36
BRDA:217,29,1,36
BRF:61
BRH:46
end_of_record
TN:
SF:/home/spirade/WebstormProjects/wfm-reborn/client/scripts/components/UI/Input/InputNumber/utils/patterns.js
FN:11,isZero
FN:15,escapeRegExp
FN:23,(anonymous_2)
FN:49,(anonymous_3)
FN:54,(anonymous_4)
FN:62,(anonymous_5)
FN:70,(anonymous_6)
FNF:7
FNH:2
FNDA:0,isZero
FNDA:6,escapeRegExp
FNDA:0,(anonymous_2)
FNDA:0,(anonymous_3)
FNDA:0,(anonymous_4)
FNDA:0,(anonymous_5)
FNDA:6,(anonymous_6)
DA:1,5
DA:3,5
DA:5,5
DA:6,5
DA:8,5
DA:9,5
DA:12,0
DA:16,6
DA:19,5
DA:25,0
DA:42,0
DA:44,0
DA:45,0
DA:46,0
DA:48,0
DA:49,0
DA:50,0
DA:53,0
DA:54,0
DA:55,0
DA:58,0
DA:59,0
DA:60,0
DA:62,0
DA:64,0
DA:65,0
DA:68,0
DA:71,6
DA:75,6
DA:77,6
DA:79,6
DA:80,0
DA:83,6
DA:85,6
DA:86,6
DA:88,6
DA:90,6
DA:91,1
DA:93,1
DA:94,1
DA:97,6
DA:99,6
DA:101,6
LF:43
LH:23
BRDA:12,0,0,0
BRDA:12,0,1,0
BRDA:12,0,2,0
BRDA:48,1,0,0
BRDA:48,1,1,0
BRDA:53,2,0,0
BRDA:53,2,1,0
BRDA:58,3,0,0
BRDA:58,3,1,0
BRDA:68,4,0,0
BRDA:68,4,1,0
BRDA:68,5,0,0
BRDA:68,5,1,0
BRDA:71,6,0,6
BRDA:71,6,1,0
BRDA:71,7,0,6
BRDA:71,7,1,0
BRDA:75,8,0,1
BRDA:75,8,1,5
BRDA:79,9,0,0
BRDA:79,9,1,6
BRDA:79,10,0,6
BRDA:79,10,1,6
BRDA:90,11,0,1
BRDA:90,11,1,5
BRDA:90,12,0,6
BRDA:90,12,1,5
BRDA:99,13,0,6
BRDA:99,13,1,1
BRDA:99,13,2,5
BRF:30
BRH:14
end_of_record
TN:
SF:/home/spirade/WebstormProjects/wfm-reborn/client/scripts/components/UI/Input/InputSSN/InputSSN.jsx
FN:10,escapeRegExp
FN:14,isZero
FN:19,(anonymous_2)
FN:29,(anonymous_3)
FN:35,(anonymous_4)
FN:40,(anonymous_5)
FN:79,(anonymous_6)
FN:102,(anonymous_7)
FN:123,(anonymous_8)
FN:131,(anonymous_9)
FN:141,(anonymous_10)
FN:153,(anonymous_11)
FNF:12
FNH:0
FNDA:0,escapeRegExp
FNDA:0,isZero
FNDA:0,(anonymous_2)
FNDA:0,(anonymous_3)
FNDA:0,(anonymous_4)
FNDA:0,(anonymous_5)
FNDA:0,(anonymous_6)
FNDA:0,(anonymous_7)
FNDA:0,(anonymous_8)
FNDA:0,(anonymous_9)
FNDA:0,(anonymous_10)
FNDA:0,(anonymous_11)
DA:8,3
DA:11,0
DA:15,0
DA:20,0
DA:22,0
DA:26,0
DA:30,0
DA:36,0
DA:37,0
DA:41,0
DA:43,0
DA:47,0
DA:49,0
DA:51,0
DA:52,0
DA:55,0
DA:57,0
DA:58,0
DA:60,0
DA:62,0
DA:63,0
DA:65,0
DA:66,0
DA:69,0
DA:71,0
DA:73,0
DA:80,0
DA:82,0
DA:84,0
DA:85,0
DA:87,0
DA:89,0
DA:93,0
DA:94,0
DA:96,0
DA:99,0
DA:103,0
DA:105,0
DA:106,0
DA:107,0
DA:108,0
DA:109,0
DA:111,0
DA:114,0
DA:115,0
DA:116,0
DA:118,0
DA:124,0
DA:126,0
DA:128,0
DA:129,0
DA:131,0
DA:132,0
DA:133,0
DA:135,0
DA:138,0
DA:142,0
DA:143,0
DA:145,0
DA:149,0
DA:153,0
DA:172,3
DA:174,3
DA:190,3
LF:64
LH:4
BRDA:15,0,0,0
BRDA:15,0,1,0
BRDA:15,0,2,0
BRDA:37,1,0,0
BRDA:37,1,1,0
BRDA:37,2,0,0
BRDA:37,2,1,0
BRDA:43,3,0,0
BRDA:43,3,1,0
BRDA:43,4,0,0
BRDA:43,4,1,0
BRDA:47,5,0,0
BRDA:47,5,1,0
BRDA:51,6,0,0
BRDA:51,6,1,0
BRDA:51,7,0,0
BRDA:51,7,1,0
BRDA:62,8,0,0
BRDA:62,8,1,0
BRDA:71,9,0,0
BRDA:71,9,1,0
BRDA:71,9,2,0
BRDA:85,10,0,0
BRDA:85,10,1,0
BRDA:85,11,0,0
BRDA:85,11,1,0
BRDA:87,12,0,0
BRDA:87,12,1,0
BRDA:93,13,0,0
BRDA:93,13,1,0
BRDA:94,14,0,0
BRDA:94,14,1,0
BRDA:105,15,0,0
BRDA:105,15,1,0
BRDA:106,16,0,0
BRDA:106,16,1,0
BRDA:114,17,0,0
BRDA:114,17,1,0
BRDA:114,18,0,0
BRDA:114,18,1,0
BRDA:151,19,0,0
BRDA:151,19,1,0
BRDA:156,20,0,0
BRDA:156,20,1,0
BRDA:157,21,0,0
BRDA:157,21,1,0
BRDA:162,22,0,0
BRDA:162,22,1,0
BRF:48
BRH:0
end_of_record
TN:
SF:/home/spirade/WebstormProjects/wfm-reborn/client/scripts/components/UI/Input/InputText/InputText.jsx
FN:12,(anonymous_0)
FN:42,(anonymous_1)
FNF:2
FNH:1
FNDA:46,(anonymous_0)
FNDA:0,(anonymous_1)
DA:10,6
DA:12,6
DA:27,46
DA:29,46
DA:34,46
DA:37,46
DA:40,46
DA:42,46
DA:44,46
DA:66,6
DA:68,6
DA:90,6
LF:12
LH:12
BRDA:42,0,0,46
BRDA:42,0,1,0
BRDA:47,1,0,46
BRDA:47,1,1,2
BRDA:54,2,0,1
BRDA:54,2,1,45
BRDA:54,3,0,46
BRDA:54,3,1,2
BRDA:55,4,0,1
BRDA:55,4,1,45
BRDA:55,5,0,46
BRDA:55,5,1,2
BRDA:60,6,0,46
BRDA:60,6,1,2
BRF:14
BRH:13
end_of_record
TN:
SF:/home/spirade/WebstormProjects/wfm-reborn/client/scripts/components/UI/Label/Label.jsx
FN:8,(anonymous_0)
FNF:1
FNH:1
FNDA:8,(anonymous_0)
DA:6,4
DA:8,4
DA:9,8
DA:11,8
DA:18,4
DA:20,4
DA:27,4
LF:7
LH:7
BRF:0
BRH:0
end_of_record
TN:
SF:/home/spirade/WebstormProjects/wfm-reborn/client/scripts/components/UI/Modal/Modal.jsx
FN:8,(anonymous_0)
FNF:1
FNH:1
FNDA:3,(anonymous_0)
DA:8,4
DA:18,3
DA:42,4
DA:44,4
DA:55,4
DA:66,4
LF:6
LH:6
BRDA:21,0,0,3
BRDA:21,0,1,0
BRDA:29,1,0,3
BRDA:29,1,1,0
BRDA:32,2,0,3
BRDA:32,2,1,3
BRF:6
BRH:4
end_of_record
TN:
SF:/home/spirade/WebstormProjects/wfm-reborn/client/scripts/components/UI/Notification/Notification.jsx
FN:10,(anonymous_0)
FNF:1
FNH:1
FNDA:8,(anonymous_0)
DA:8,4
DA:10,4
DA:11,8
DA:17,8
DA:25,4
DA:27,4
DA:35,4
LF:7
LH:7
BRDA:10,0,0,0
BRDA:10,1,0,0
BRDA:10,2,0,0
BRDA:19,3,0,8
BRDA:19,3,1,2
BRF:5
BRH:2
end_of_record
TN:
SF:/home/spirade/WebstormProjects/wfm-reborn/client/scripts/components/UI/Radio/Radio.jsx
FN:9,(anonymous_0)
FN:15,(anonymous_1)
FN:23,(anonymous_2)
FNF:3
FNH:2
FNDA:1,(anonymous_0)
FNDA:0,(anonymous_1)
FNDA:1,(anonymous_2)
DA:6,5
DA:10,1
DA:12,1
DA:16,0
DA:18,0
DA:19,0
DA:24,1
DA:25,1
DA:27,1
DA:28,1
DA:29,0
DA:30,0
DA:32,0
DA:35,1
DA:37,1
DA:53,5
DA:55,5
DA:66,5
LF:18
LH:12
BRDA:18,0,0,0
BRDA:18,0,1,0
BRDA:18,1,0,0
BRDA:18,1,1,0
BRDA:27,2,0,1
BRDA:27,2,1,0
BRDA:27,3,0,1
BRDA:27,3,1,1
BRDA:29,4,0,0
BRDA:29,4,1,0
BRDA:42,5,0,0
BRDA:42,5,1,1
BRF:12
BRH:4
end_of_record
TN:
SF:/home/spirade/WebstormProjects/wfm-reborn/client/scripts/components/UI/RadioGroup/RadioGroup.jsx
FN:9,(anonymous_0)
FN:19,(anonymous_1)
FN:28,(anonymous_2)
FN:32,(anonymous_3)
FN:46,(anonymous_4)
FNF:5
FNH:4
FNDA:1,(anonymous_0)
FNDA:0,(anonymous_1)
FNDA:1,(anonymous_2)
FNDA:2,(anonymous_3)
FNDA:1,(anonymous_4)
DA:6,4
DA:10,1
DA:12,1
DA:16,1
DA:20,0
DA:22,0
DA:23,0
DA:24,0
DA:29,1
DA:30,1
DA:32,1
DA:33,2
DA:35,2
DA:37,2
DA:47,1
DA:49,1
DA:53,1
DA:55,1
DA:63,4
DA:65,4
DA:72,4
LF:21
LH:17
BRDA:22,0,0,0
BRDA:22,0,1,0
BRDA:22,1,0,0
BRDA:22,1,1,0
BRDA:35,2,0,2
BRDA:35,2,1,2
BRDA:35,2,2,2
BRF:7
BRH:3
end_of_record
TN:
SF:/home/spirade/WebstormProjects/wfm-reborn/client/scripts/components/UI/Select/Select.jsx
FN:15,(anonymous_0)
FN:27,(anonymous_1)
FN:33,(anonymous_2)
FN:36,(anonymous_3)
FN:39,(anonymous_4)
FN:49,(anonymous_5)
FN:65,(anonymous_6)
FN:69,(anonymous_7)
FN:85,(anonymous_8)
FN:90,(anonymous_9)
FNF:10
FNH:9
FNDA:8,(anonymous_0)
FNDA:0,(anonymous_1)
FNDA:1,(anonymous_2)
FNDA:1,(anonymous_3)
FNDA:4,(anonymous_4)
FNDA:12,(anonymous_5)
FNDA:3,(anonymous_6)
FNDA:15,(anonymous_7)
FNDA:12,(anonymous_8)
FNDA:2,(anonymous_9)
DA:12,3
DA:16,8
DA:18,8
DA:23,8
DA:24,8
DA:28,0
DA:34,1
DA:36,1
DA:40,4
DA:42,4
DA:44,4
DA:50,12
DA:52,12
DA:54,3
DA:56,3
DA:66,3
DA:67,3
DA:69,3
DA:70,15
DA:72,15
DA:74,15
DA:86,12
DA:87,12
DA:89,12
DA:90,2
DA:93,12
DA:94,12
DA:96,12
DA:100,12
DA:104,12
DA:106,12
DA:127,3
DA:129,3
DA:148,3
LF:34
LH:33
BRDA:52,0,0,9
BRDA:52,0,1,3
BRDA:89,1,0,2
BRDA:89,1,1,10
BRDA:90,2,0,2
BRDA:90,2,1,0
BRDA:101,3,0,12
BRDA:101,3,1,10
BRDA:114,4,0,3
BRDA:114,4,1,9
BRDA:121,5,0,12
BRDA:121,5,1,0
BRF:12
BRH:10
end_of_record
TN:
SF:/home/spirade/WebstormProjects/wfm-reborn/client/scripts/components/UI/Select/Option/Option.jsx
FN:11,(anonymous_0)
FN:17,(anonymous_1)
FN:25,(anonymous_2)
FNF:3
FNH:3
FNDA:9,(anonymous_0)
FNDA:2,(anonymous_1)
FNDA:9,(anonymous_2)
DA:8,3
DA:12,9
DA:14,9
DA:18,2
DA:20,2
DA:22,2
DA:26,9
DA:28,9
DA:32,9
DA:34,9
DA:46,3
DA:48,3
DA:57,3
LF:13
LH:13
BRDA:40,0,0,9
BRDA:40,0,1,1
BRF:2
BRH:2
end_of_record
TN:
SF:/home/spirade/WebstormProjects/wfm-reborn/client/scripts/components/UI/Spinner/Spinner.jsx
FN:12,(anonymous_0)
FNF:1
FNH:1
FNDA:1,(anonymous_0)
DA:10,5
DA:12,5
DA:13,1
DA:20,1
DA:21,1
DA:25,1
DA:34,5
DA:36,5
DA:46,5
LF:9
LH:9
BRF:0
BRH:0
end_of_record
TN:
SF:/home/spirade/WebstormProjects/wfm-reborn/client/scripts/components/UI/SubHeading/SubHeading.jsx
FN:6,(anonymous_0)
FNF:1
FNH:1
FNDA:1,(anonymous_0)
DA:6,4
DA:7,1
DA:9,1
DA:12,4
DA:14,4
DA:20,4
LF:6
LH:6
BRF:0
BRH:0
end_of_record
TN:
SF:/home/spirade/WebstormProjects/wfm-reborn/client/scripts/components/UI/TextLink/TextLink.jsx
FN:9,(anonymous_0)
FNF:1
FNH:1
FNDA:1,(anonymous_0)
DA:7,4
DA:9,4
DA:10,1
DA:14,1
DA:26,4
DA:28,4
DA:37,4
LF:7
LH:7
BRDA:19,0,0,1
BRDA:19,0,1,0
BRDA:19,1,0,1
BRDA:19,1,1,1
BRF:4
BRH:3
end_of_record
TN:
SF:/home/spirade/WebstormProjects/wfm-reborn/client/scripts/components/UI/ToggleButton/ToggleButton.jsx
FN:9,(anonymous_0)
FN:17,(anonymous_1)
FN:27,(anonymous_2)
FN:35,(anonymous_3)
FN:65,(anonymous_4)
FNF:5
FNH:4
FNDA:1,(anonymous_0)
FNDA:0,(anonymous_1)
FNDA:1,(anonymous_2)
FNDA:3,(anonymous_3)
FNDA:1,(anonymous_4)
DA:6,4
DA:10,1
DA:12,1
DA:18,0
DA:20,0
DA:24,0
DA:32,1
DA:33,1
DA:35,1
DA:36,3
DA:38,3
DA:40,3
DA:47,3
DA:51,3
DA:66,1
DA:68,1
DA:70,1
DA:72,1
DA:80,4
DA:82,4
DA:99,4
LF:21
LH:18
BRDA:42,0,0,0
BRDA:42,0,1,3
BRDA:42,1,0,3
BRDA:42,1,1,0
BRDA:47,2,0,0
BRDA:47,2,1,3
BRF:6
BRH:3
end_of_record
TN:
SF:/home/spirade/WebstormProjects/wfm-reborn/client/scripts/components/UI/Tooltip/Tooltip.jsx
FN:9,(anonymous_0)
FNF:1
FNH:1
FNDA:1,(anonymous_0)
DA:7,4
DA:9,4
DA:20,1
DA:22,1
DA:30,1
DA:49,4
DA:51,4
DA:62,4
LF:8
LH:8
BRDA:10,0,0,0
BRDA:13,1,0,0
BRDA:37,2,0,1
BRDA:37,2,1,0
BRDA:40,3,0,1
BRDA:40,3,1,0
BRF:6
BRH:2
end_of_record
TN:
SF:/home/spirade/WebstormProjects/wfm-reborn/client/scripts/utils/match.js
FN:11,match
FN:12,callOrReturn
FN:35,matchType
FN:54,matchStrict
FNF:4
FNH:3
FNDA:1,match
FNDA:1,callOrReturn
FNDA:0,matchType
FNDA:12,matchStrict
DA:13,1
DA:18,1
DA:36,0
DA:37,0
DA:38,0
DA:41,0
DA:55,12
DA:56,12
DA:58,12
LF:9
LH:5
BRDA:11,0,0,0
BRDA:11,1,0,0
BRDA:13,2,0,0
BRDA:13,2,1,1
BRDA:19,3,0,1
BRDA:19,3,1,0
BRDA:35,4,0,0
BRDA:35,5,0,0
BRDA:37,6,0,0
BRDA:37,6,1,0
BRDA:55,7,0,0
BRDA:55,7,1,12
BRDA:56,8,0,0
BRDA:56,8,1,12
BRDA:58,9,0,7
BRDA:58,9,1,5
BRF:16
BRH:6
end_of_record
TN:
SF:/home/spirade/WebstormProjects/wfm-reborn/test/jestsetup.js
FN:8,(anonymous_0)
FNF:1
FNH:0
FNDA:0,(anonymous_0)
DA:3,22
DA:4,22
DA:5,22
DA:8,22
DA:9,0
DA:10,0
LF:6
LH:4
BRDA:9,0,0,0
BRDA:9,0,1,0
BRF:2
BRH:0
end_of_record
